Aug 21, 2023 2:23:39 AM org.apache.coyote.http11.AbstractHttp11Processor process
INFO: Error parsing HTTP request header
 Note: further occurrences of HTTP request parsing errors will be logged at DEBUG level.
java.lang.IllegalArgumentException: Invalid character found in method name [0x050x010x00...]. HTTP method names must be tokens
	at org.apache.coyote.http11.InternalInputBuffer.parseRequestLine(InternalInputBuffer.java:140)
	at org.apache.coyote.http11.AbstractHttp11Processor.process(AbstractHttp11Processor.java:1108)
	at org.apache.coyote.AbstractProtocol$AbstractConnectionHandler.process(AbstractProtocol.java:654)
	at org.apache.tomcat.util.net.JIoEndpoint$SocketProcessor.run(JIoEndpoint.java:317)
	at java.util.concurrent.ThreadPoolExecutor.runWorker(ThreadPoolExecutor.java:1149)
	at java.util.concurrent.ThreadPoolExecutor$Worker.run(ThreadPoolExecutor.java:624)
	at org.apache.tomcat.util.threads.TaskThread$WrappingRunnable.run(TaskThread.java:61)
	at java.lang.Thread.run(Thread.java:750)

Aug 21, 2023 4:18:35 AM org.apache.coyote.http11.AbstractHttp11Processor process
INFO: Error parsing HTTP request header
 Note: further occurrences of HTTP request parsing errors will be logged at DEBUG level.
java.lang.IllegalArgumentException: Invalid character found in method name [0x160x030x010x000xca0x010x000x000xc60x030x030x040xcbO0x88J0xf50x16;0xa370xb30xc8D%0xcd0xa70xc9r@0x0e0xd30xc4d^0x1dsM3t0xe8`0x1f0x000x00h0xcc0x140xcc0x130xc0/0xc0+0xc000xc0,0xc00x110xc00x070xc0'0xc0#0xc00x130xc00x090xc0(0xc0$0xc00x140xc00x0a0xcc0x150x000x9e0x000x9f0x00g0x00k0x0030x0090x000x9c0x000x9d0x000x050x000x040x00<0x00=0x00/0x0050xc00x120x000x160x000x0a0x000x030x000x080x000x060x000x140x000x110x000x190x000x170x0020xc00x080x000x120x000x130x000x150x0080x00@0x00f0x00j0x000xa20x000xa30x010x000x0050x000x050x000x050x010x000x000x000x000x000x0a0x000x080x000x060x000x170x000x180x000x190x000x0b0x000x020x010x000x000x0d0x000x0c0x000x0a0x040x010x040x030x020x010x020x030x020x020xff0x010x000x010x000x000x0f0x000x010x01...]. HTTP method names must be tokens
	at org.apache.coyote.http11.InternalInputBuffer.parseRequestLine(InternalInputBuffer.java:140)
	at org.apache.coyote.http11.AbstractHttp11Processor.process(AbstractHttp11Processor.java:1108)
	at org.apache.coyote.AbstractProtocol$AbstractConnectionHandler.process(AbstractProtocol.java:654)
	at org.apache.tomcat.util.net.JIoEndpoint$SocketProcessor.run(JIoEndpoint.java:317)
	at java.util.concurrent.ThreadPoolExecutor.runWorker(ThreadPoolExecutor.java:1149)
	at java.util.concurrent.ThreadPoolExecutor$Worker.run(ThreadPoolExecutor.java:624)
	at org.apache.tomcat.util.threads.TaskThread$WrappingRunnable.run(TaskThread.java:61)
	at java.lang.Thread.run(Thread.java:750)

Aug 21, 2023 4:38:55 AM org.apache.coyote.http11.AbstractHttp11Processor process
INFO: Error parsing HTTP request header
 Note: further occurrences of HTTP request parsing errors will be logged at DEBUG level.
java.lang.IllegalArgumentException: Invalid character found in method name [0x160x030x010x00{0x010x000x00w0x030x03]. HTTP method names must be tokens
	at org.apache.coyote.http11.InternalInputBuffer.parseRequestLine(InternalInputBuffer.java:140)
	at org.apache.coyote.http11.AbstractHttp11Processor.process(AbstractHttp11Processor.java:1108)
	at org.apache.coyote.AbstractProtocol$AbstractConnectionHandler.process(AbstractProtocol.java:654)
	at org.apache.tomcat.util.net.JIoEndpoint$SocketProcessor.run(JIoEndpoint.java:317)
	at java.util.concurrent.ThreadPoolExecutor.runWorker(ThreadPoolExecutor.java:1149)
	at java.util.concurrent.ThreadPoolExecutor$Worker.run(ThreadPoolExecutor.java:624)
	at org.apache.tomcat.util.threads.TaskThread$WrappingRunnable.run(TaskThread.java:61)
	at java.lang.Thread.run(Thread.java:750)

Aug 21, 2023 3:20:01 PM org.apache.coyote.http11.AbstractHttp11Processor process
INFO: Error parsing HTTP request header
 Note: further occurrences of HTTP request parsing errors will be logged at DEBUG level.
java.lang.IllegalArgumentException: Invalid character found in method name [0x160x030x010x000xea0x010x000x000xe60x030x030x1f0xa50xdf%70xbf0x8e40x8f^j0x91z0x05A0xdc0xf2J0xf5?0xcd$0xce0x19(0xe5W0x16a0xe90x8f0xc9]. HTTP method names must be tokens
	at org.apache.coyote.http11.InternalInputBuffer.parseRequestLine(InternalInputBuffer.java:140)
	at org.apache.coyote.http11.AbstractHttp11Processor.process(AbstractHttp11Processor.java:1108)
	at org.apache.coyote.AbstractProtocol$AbstractConnectionHandler.process(AbstractProtocol.java:654)
	at org.apache.tomcat.util.net.JIoEndpoint$SocketProcessor.run(JIoEndpoint.java:317)
	at java.util.concurrent.ThreadPoolExecutor.runWorker(ThreadPoolExecutor.java:1149)
	at java.util.concurrent.ThreadPoolExecutor$Worker.run(ThreadPoolExecutor.java:624)
	at org.apache.tomcat.util.threads.TaskThread$WrappingRunnable.run(TaskThread.java:61)
	at java.lang.Thread.run(Thread.java:750)

Aug 21, 2023 4:24:01 PM org.apache.coyote.http11.AbstractHttp11Processor process
INFO: Error parsing HTTP request header
 Note: further occurrences of HTTP request parsing errors will be logged at DEBUG level.
java.lang.IllegalArgumentException: Invalid character found in method name [MGLNDD_144.22.187.83_80800x0a...]. HTTP method names must be tokens
	at org.apache.coyote.http11.InternalInputBuffer.parseRequestLine(InternalInputBuffer.java:140)
	at org.apache.coyote.http11.AbstractHttp11Processor.process(AbstractHttp11Processor.java:1108)
	at org.apache.coyote.AbstractProtocol$AbstractConnectionHandler.process(AbstractProtocol.java:654)
	at org.apache.tomcat.util.net.JIoEndpoint$SocketProcessor.run(JIoEndpoint.java:317)
	at java.util.concurrent.ThreadPoolExecutor.runWorker(ThreadPoolExecutor.java:1149)
	at java.util.concurrent.ThreadPoolExecutor$Worker.run(ThreadPoolExecutor.java:624)
	at org.apache.tomcat.util.threads.TaskThread$WrappingRunnable.run(TaskThread.java:61)
	at java.lang.Thread.run(Thread.java:750)

Aug 21, 2023 11:42:08 PM org.apache.catalina.core.StandardServer await
INFO: A valid shutdown command was received via the shutdown port. Stopping the Server instance.
Aug 21, 2023 11:42:08 PM org.apache.coyote.AbstractProtocol pause
INFO: Pausing ProtocolHandler ["http-bio-8080"]
Aug 21, 2023 11:42:08 PM org.apache.coyote.AbstractProtocol pause
INFO: Pausing ProtocolHandler ["ajp-bio-0:0:0:0:0:0:0:1-8009"]
Aug 21, 2023 11:42:08 PM org.apache.catalina.core.StandardService stopInternal
INFO: Stopping service [Catalina]
Aug 21, 2023 11:42:08 PM org.apache.coyote.AbstractProtocol stop
INFO: Stopping ProtocolHandler ["http-bio-8080"]
Aug 21, 2023 11:42:08 PM org.apache.coyote.AbstractProtocol destroy
INFO: Destroying ProtocolHandler ["http-bio-8080"]
Aug 21, 2023 11:42:08 PM org.apache.coyote.AbstractProtocol stop
INFO: Stopping ProtocolHandler ["ajp-bio-0:0:0:0:0:0:0:1-8009"]
Aug 21, 2023 11:42:08 PM org.apache.catalina.util.LifecycleBase destroy
SEVERE: Called stop() on failed component [Connector[AJP/1.3-8009]] to trigger clean-up but it failed too
org.apache.catalina.LifecycleException: An invalid Lifecycle transition was attempted ([before_stop]) for component [org.apache.catalina.connector.MapperListener@396f6598] in state [INITIALIZED]
	at org.apache.catalina.util.LifecycleBase.invalidTransition(LifecycleBase.java:430)
	at org.apache.catalina.util.LifecycleBase.stop(LifecycleBase.java:244)
	at org.apache.catalina.connector.Connector.stopInternal(Connector.java:1091)
	at org.apache.catalina.util.LifecycleBase.stop(LifecycleBase.java:257)
	at org.apache.catalina.util.LifecycleBase.destroy(LifecycleBase.java:293)
	at org.apache.catalina.core.StandardService.destroyInternal(StandardService.java:579)
	at org.apache.catalina.util.LifecycleBase.destroy(LifecycleBase.java:321)
	at org.apache.catalina.core.StandardServer.destroyInternal(StandardServer.java:834)
	at org.apache.catalina.util.LifecycleBase.destroy(LifecycleBase.java:321)
	at org.apache.catalina.startup.Catalina.stop(Catalina.java:786)
	at org.apache.catalina.startup.Catalina.start(Catalina.java:747)
	at sun.reflect.NativeMethodAccessorImpl.invoke0(Native Method)
	at sun.reflect.NativeMethodAccessorImpl.invoke(NativeMethodAccessorImpl.java:62)
	at sun.reflect.DelegatingMethodAccessorImpl.invoke(DelegatingMethodAccessorImpl.java:43)
	at java.lang.reflect.Method.invoke(Method.java:498)
	at org.apache.catalina.startup.Bootstrap.start(Bootstrap.java:284)
	at org.apache.catalina.startup.Bootstrap.main(Bootstrap.java:415)

Aug 21, 2023 11:42:08 PM org.apache.coyote.AbstractProtocol destroy
INFO: Destroying ProtocolHandler ["ajp-bio-0:0:0:0:0:0:0:1-8009"]
Aug 21, 2023 11:42:18 PM org.apache.catalina.startup.VersionLoggerListener log
INFO: Server version name:   Apache Tomcat/7.0.109
Aug 21, 2023 11:42:18 PM org.apache.catalina.startup.VersionLoggerListener log
INFO: Server built:          Apr 22 2021 18:43:38 UTC
Aug 21, 2023 11:42:18 PM org.apache.catalina.startup.VersionLoggerListener log
INFO: Server version number: 7.0.109.0
Aug 21, 2023 11:42:18 PM org.apache.catalina.startup.VersionLoggerListener log
INFO: OS Name:               Linux
Aug 21, 2023 11:42:18 PM org.apache.catalina.startup.VersionLoggerListener log
INFO: OS Version:            3.10.0-1160.95.1.el7.x86_64
Aug 21, 2023 11:42:18 PM org.apache.catalina.startup.VersionLoggerListener log
INFO: Architecture:          amd64
Aug 21, 2023 11:42:18 PM org.apache.catalina.startup.VersionLoggerListener log
INFO: Java Home:             /usr/lib/jvm/java-1.8.0-openjdk-1.8.0.372.b07-1.el7_9.x86_64/jre
Aug 21, 2023 11:42:18 PM org.apache.catalina.startup.VersionLoggerListener log
INFO: JVM Version:           1.8.0_372-b07
Aug 21, 2023 11:42:18 PM org.apache.catalina.startup.VersionLoggerListener log
INFO: JVM Vendor:            Red Hat, Inc.
Aug 21, 2023 11:42:18 PM org.apache.catalina.startup.VersionLoggerListener log
INFO: CATALINA_BASE:         /opt/tomcat
Aug 21, 2023 11:42:18 PM org.apache.catalina.startup.VersionLoggerListener log
INFO: CATALINA_HOME:         /opt/tomcat
Aug 21, 2023 11:42:18 PM org.apache.catalina.startup.VersionLoggerListener log
INFO: Command line argument: -Djava.util.logging.config.file=/opt/tomcat/conf/logging.properties
Aug 21, 2023 11:42:18 PM org.apache.catalina.startup.VersionLoggerListener log
INFO: Command line argument: -Djava.util.logging.manager=org.apache.juli.ClassLoaderLogManager
Aug 21, 2023 11:42:18 PM org.apache.catalina.startup.VersionLoggerListener log
INFO: Command line argument: -Djdk.tls.ephemeralDHKeySize=2048
Aug 21, 2023 11:42:18 PM org.apache.catalina.startup.VersionLoggerListener log
INFO: Command line argument: -Dorg.apache.catalina.security.SecurityListener.UMASK=0027
Aug 21, 2023 11:42:18 PM org.apache.catalina.startup.VersionLoggerListener log
INFO: Command line argument: -Dignore.endorsed.dirs=
Aug 21, 2023 11:42:18 PM org.apache.catalina.startup.VersionLoggerListener log
INFO: Command line argument: -Dcatalina.base=/opt/tomcat
Aug 21, 2023 11:42:18 PM org.apache.catalina.startup.VersionLoggerListener log
INFO: Command line argument: -Dcatalina.home=/opt/tomcat
Aug 21, 2023 11:42:18 PM org.apache.catalina.startup.VersionLoggerListener log
INFO: Command line argument: -Djava.io.tmpdir=/opt/tomcat/temp
Aug 21, 2023 11:42:18 PM org.apache.catalina.core.AprLifecycleListener lifecycleEvent
INFO: The Apache Tomcat Native library which allows using OpenSSL was not found on the java.library.path: [/usr/java/packages/lib/amd64:/usr/lib64:/lib64:/lib:/usr/lib]
Aug 21, 2023 11:42:18 PM org.apache.coyote.AbstractProtocol init
INFO: Initializing ProtocolHandler ["http-bio-8080"]
Aug 21, 2023 11:42:18 PM org.apache.coyote.AbstractProtocol init
INFO: Initializing ProtocolHandler ["ajp-bio-0:0:0:0:0:0:0:1-8009"]
Aug 21, 2023 11:42:18 PM org.apache.catalina.startup.Catalina load
INFO: Initialization processed in 799 ms
Aug 21, 2023 11:42:18 PM org.apache.catalina.core.StandardService startInternal
INFO: Starting service [Catalina]
Aug 21, 2023 11:42:18 PM org.apache.catalina.core.StandardEngine startInternal
INFO: Starting Servlet Engine: Apache Tomcat/7.0.109
Aug 21, 2023 11:42:18 PM org.apache.catalina.startup.HostConfig deployDirectory
INFO: Deploying web application directory [/opt/tomcat/webapps/ROOT]
Aug 21, 2023 11:42:18 PM org.apache.catalina.startup.HostConfig deployDirectory
INFO: Deployment of web application directory [/opt/tomcat/webapps/ROOT] has finished in [343] ms
Aug 21, 2023 11:42:18 PM org.apache.catalina.startup.HostConfig deployDirectory
INFO: Deploying web application directory [/opt/tomcat/webapps/docs]
Aug 21, 2023 11:42:18 PM org.apache.catalina.startup.HostConfig deployDirectory
INFO: Deployment of web application directory [/opt/tomcat/webapps/docs] has finished in [65] ms
Aug 21, 2023 11:42:18 PM org.apache.catalina.startup.HostConfig deployDirectory
INFO: Deploying web application directory [/opt/tomcat/webapps/examples]
Aug 21, 2023 11:42:19 PM org.apache.catalina.startup.HostConfig deployDirectory
INFO: Deployment of web application directory [/opt/tomcat/webapps/examples] has finished in [248] ms
Aug 21, 2023 11:42:19 PM org.apache.catalina.startup.HostConfig deployDirectory
INFO: Deploying web application directory [/opt/tomcat/webapps/host-manager]
Aug 21, 2023 11:42:19 PM org.apache.catalina.startup.HostConfig deployDirectory
INFO: Deployment of web application directory [/opt/tomcat/webapps/host-manager] has finished in [57] ms
Aug 21, 2023 11:42:19 PM org.apache.catalina.startup.HostConfig deployDirectory
INFO: Deploying web application directory [/opt/tomcat/webapps/manager]
Aug 21, 2023 11:42:19 PM org.apache.catalina.startup.HostConfig deployDirectory
INFO: Deployment of web application directory [/opt/tomcat/webapps/manager] has finished in [50] ms
Aug 21, 2023 11:42:19 PM org.apache.coyote.AbstractProtocol start
INFO: Starting ProtocolHandler ["http-bio-8080"]
Aug 21, 2023 11:42:19 PM org.apache.catalina.core.StandardService startInternal
SEVERE: Failed to start connector [Connector[AJP/1.3-8009]]
org.apache.catalina.LifecycleException: service.getName(): "Catalina";  Protocol handler start failed
	at org.apache.catalina.connector.Connector.startInternal(Connector.java:1065)
	at org.apache.catalina.util.LifecycleBase.start(LifecycleBase.java:183)
	at org.apache.catalina.core.StandardService.startInternal(StandardService.java:460)
	at org.apache.catalina.util.LifecycleBase.start(LifecycleBase.java:183)
	at org.apache.catalina.core.StandardServer.startInternal(StandardServer.java:744)
	at org.apache.catalina.util.LifecycleBase.start(LifecycleBase.java:183)
	at org.apache.catalina.startup.Catalina.start(Catalina.java:712)
	at sun.reflect.NativeMethodAccessorImpl.invoke0(Native Method)
	at sun.reflect.NativeMethodAccessorImpl.invoke(NativeMethodAccessorImpl.java:62)
	at sun.reflect.DelegatingMethodAccessorImpl.invoke(DelegatingMethodAccessorImpl.java:43)
	at java.lang.reflect.Method.invoke(Method.java:498)
	at org.apache.catalina.startup.Bootstrap.start(Bootstrap.java:284)
	at org.apache.catalina.startup.Bootstrap.main(Bootstrap.java:415)
Caused by: java.lang.IllegalArgumentException: The AJP Connector is configured with secretRequired="true" but the secret attribute is either null or "". This combination is not valid.
	at org.apache.coyote.ajp.AbstractAjpProtocol.start(AbstractAjpProtocol.java:211)
	at org.apache.catalina.connector.Connector.startInternal(Connector.java:1058)
	... 12 more

Aug 21, 2023 11:42:19 PM org.apache.catalina.startup.Catalina start
INFO: Server startup in 833 ms
Aug 21, 2023 11:57:09 PM org.apache.catalina.startup.HostConfig deployDirectory
INFO: Deploying web application directory [/opt/tomcat/webapps/www.newco.dev.br]
Aug 21, 2023 11:57:09 PM org.apache.catalina.startup.TldConfig execute
INFO: At least one JAR was scanned for TLDs yet contained no TLDs. Enable debug logging for this logger for a complete list of JARs that were scanned but no TLDs were found in them. Skipping unneeded JARs during scanning can improve startup time and JSP compilation time.
Aug 21, 2023 11:57:09 PM org.apache.catalina.startup.HostConfig deployDirectory
INFO: Deployment of web application directory [/opt/tomcat/webapps/www.newco.dev.br] has finished in [187] ms
Aug 21, 2023 11:58:00 PM org.apache.catalina.core.StandardServer await
INFO: A valid shutdown command was received via the shutdown port. Stopping the Server instance.
Aug 21, 2023 11:58:00 PM org.apache.coyote.AbstractProtocol pause
INFO: Pausing ProtocolHandler ["http-bio-8080"]
Aug 21, 2023 11:58:00 PM org.apache.coyote.AbstractProtocol pause
INFO: Pausing ProtocolHandler ["ajp-bio-0:0:0:0:0:0:0:1-8009"]
Aug 21, 2023 11:58:00 PM org.apache.catalina.core.StandardService stopInternal
INFO: Stopping service [Catalina]
Aug 21, 2023 11:58:00 PM org.apache.coyote.AbstractProtocol stop
INFO: Stopping ProtocolHandler ["http-bio-8080"]
Aug 21, 2023 11:58:00 PM org.apache.coyote.AbstractProtocol destroy
INFO: Destroying ProtocolHandler ["http-bio-8080"]
Aug 21, 2023 11:58:00 PM org.apache.coyote.AbstractProtocol stop
INFO: Stopping ProtocolHandler ["ajp-bio-0:0:0:0:0:0:0:1-8009"]
Aug 21, 2023 11:58:00 PM org.apache.catalina.util.LifecycleBase destroy
SEVERE: Called stop() on failed component [Connector[AJP/1.3-8009]] to trigger clean-up but it failed too
org.apache.catalina.LifecycleException: An invalid Lifecycle transition was attempted ([before_stop]) for component [org.apache.catalina.connector.MapperListener@1f7030a6] in state [INITIALIZED]
	at org.apache.catalina.util.LifecycleBase.invalidTransition(LifecycleBase.java:430)
	at org.apache.catalina.util.LifecycleBase.stop(LifecycleBase.java:244)
	at org.apache.catalina.connector.Connector.stopInternal(Connector.java:1091)
	at org.apache.catalina.util.LifecycleBase.stop(LifecycleBase.java:257)
	at org.apache.catalina.util.LifecycleBase.destroy(LifecycleBase.java:293)
	at org.apache.catalina.core.StandardService.destroyInternal(StandardService.java:579)
	at org.apache.catalina.util.LifecycleBase.destroy(LifecycleBase.java:321)
	at org.apache.catalina.core.StandardServer.destroyInternal(StandardServer.java:834)
	at org.apache.catalina.util.LifecycleBase.destroy(LifecycleBase.java:321)
	at org.apache.catalina.startup.Catalina.stop(Catalina.java:786)
	at org.apache.catalina.startup.Catalina.start(Catalina.java:747)
	at sun.reflect.NativeMethodAccessorImpl.invoke0(Native Method)
	at sun.reflect.NativeMethodAccessorImpl.invoke(NativeMethodAccessorImpl.java:62)
	at sun.reflect.DelegatingMethodAccessorImpl.invoke(DelegatingMethodAccessorImpl.java:43)
	at java.lang.reflect.Method.invoke(Method.java:498)
	at org.apache.catalina.startup.Bootstrap.start(Bootstrap.java:284)
	at org.apache.catalina.startup.Bootstrap.main(Bootstrap.java:415)

Aug 21, 2023 11:58:00 PM org.apache.coyote.AbstractProtocol destroy
INFO: Destroying ProtocolHandler ["ajp-bio-0:0:0:0:0:0:0:1-8009"]
Aug 21, 2023 11:58:09 PM org.apache.catalina.startup.VersionLoggerListener log
INFO: Server version name:   Apache Tomcat/7.0.109
Aug 21, 2023 11:58:09 PM org.apache.catalina.startup.VersionLoggerListener log
INFO: Server built:          Apr 22 2021 18:43:38 UTC
Aug 21, 2023 11:58:09 PM org.apache.catalina.startup.VersionLoggerListener log
INFO: Server version number: 7.0.109.0
Aug 21, 2023 11:58:09 PM org.apache.catalina.startup.VersionLoggerListener log
INFO: OS Name:               Linux
Aug 21, 2023 11:58:09 PM org.apache.catalina.startup.VersionLoggerListener log
INFO: OS Version:            3.10.0-1160.95.1.el7.x86_64
Aug 21, 2023 11:58:09 PM org.apache.catalina.startup.VersionLoggerListener log
INFO: Architecture:          amd64
Aug 21, 2023 11:58:09 PM org.apache.catalina.startup.VersionLoggerListener log
INFO: Java Home:             /usr/lib/jvm/java-1.8.0-openjdk-1.8.0.372.b07-1.el7_9.x86_64/jre
Aug 21, 2023 11:58:09 PM org.apache.catalina.startup.VersionLoggerListener log
INFO: JVM Version:           1.8.0_372-b07
Aug 21, 2023 11:58:09 PM org.apache.catalina.startup.VersionLoggerListener log
INFO: JVM Vendor:            Red Hat, Inc.
Aug 21, 2023 11:58:09 PM org.apache.catalina.startup.VersionLoggerListener log
INFO: CATALINA_BASE:         /opt/tomcat
Aug 21, 2023 11:58:09 PM org.apache.catalina.startup.VersionLoggerListener log
INFO: CATALINA_HOME:         /opt/tomcat
Aug 21, 2023 11:58:09 PM org.apache.catalina.startup.VersionLoggerListener log
INFO: Command line argument: -Djava.util.logging.config.file=/opt/tomcat/conf/logging.properties
Aug 21, 2023 11:58:09 PM org.apache.catalina.startup.VersionLoggerListener log
INFO: Command line argument: -Djava.util.logging.manager=org.apache.juli.ClassLoaderLogManager
Aug 21, 2023 11:58:09 PM org.apache.catalina.startup.VersionLoggerListener log
INFO: Command line argument: -Djdk.tls.ephemeralDHKeySize=2048
Aug 21, 2023 11:58:09 PM org.apache.catalina.startup.VersionLoggerListener log
INFO: Command line argument: -Dorg.apache.catalina.security.SecurityListener.UMASK=0027
Aug 21, 2023 11:58:09 PM org.apache.catalina.startup.VersionLoggerListener log
INFO: Command line argument: -Dignore.endorsed.dirs=
Aug 21, 2023 11:58:09 PM org.apache.catalina.startup.VersionLoggerListener log
INFO: Command line argument: -Dcatalina.base=/opt/tomcat
Aug 21, 2023 11:58:09 PM org.apache.catalina.startup.VersionLoggerListener log
INFO: Command line argument: -Dcatalina.home=/opt/tomcat
Aug 21, 2023 11:58:09 PM org.apache.catalina.startup.VersionLoggerListener log
INFO: Command line argument: -Djava.io.tmpdir=/opt/tomcat/temp
Aug 21, 2023 11:58:09 PM org.apache.catalina.core.AprLifecycleListener lifecycleEvent
INFO: The Apache Tomcat Native library which allows using OpenSSL was not found on the java.library.path: [/usr/java/packages/lib/amd64:/usr/lib64:/lib64:/lib:/usr/lib]
Aug 21, 2023 11:58:09 PM org.apache.coyote.AbstractProtocol init
INFO: Initializing ProtocolHandler ["http-bio-8080"]
Aug 21, 2023 11:58:09 PM org.apache.coyote.AbstractProtocol init
INFO: Initializing ProtocolHandler ["ajp-bio-0:0:0:0:0:0:0:1-8009"]
Aug 21, 2023 11:58:09 PM org.apache.catalina.startup.Catalina load
INFO: Initialization processed in 788 ms
Aug 21, 2023 11:58:09 PM org.apache.catalina.core.StandardService startInternal
INFO: Starting service [Catalina]
Aug 21, 2023 11:58:09 PM org.apache.catalina.core.StandardEngine startInternal
INFO: Starting Servlet Engine: Apache Tomcat/7.0.109
Aug 21, 2023 11:58:09 PM org.apache.catalina.startup.HostConfig deployDirectory
INFO: Deploying web application directory [/opt/tomcat/webapps/ROOT]
Aug 21, 2023 11:58:09 PM org.apache.catalina.startup.HostConfig deployDirectory
INFO: Deployment of web application directory [/opt/tomcat/webapps/ROOT] has finished in [369] ms
Aug 21, 2023 11:58:09 PM org.apache.catalina.startup.HostConfig deployDirectory
INFO: Deploying web application directory [/opt/tomcat/webapps/docs]
Aug 21, 2023 11:58:09 PM org.apache.catalina.startup.HostConfig deployDirectory
INFO: Deployment of web application directory [/opt/tomcat/webapps/docs] has finished in [61] ms
Aug 21, 2023 11:58:09 PM org.apache.catalina.startup.HostConfig deployDirectory
INFO: Deploying web application directory [/opt/tomcat/webapps/examples]
Aug 21, 2023 11:58:09 PM org.apache.catalina.startup.HostConfig deployDirectory
INFO: Deployment of web application directory [/opt/tomcat/webapps/examples] has finished in [252] ms
Aug 21, 2023 11:58:09 PM org.apache.catalina.startup.HostConfig deployDirectory
INFO: Deploying web application directory [/opt/tomcat/webapps/host-manager]
Aug 21, 2023 11:58:10 PM org.apache.catalina.startup.HostConfig deployDirectory
INFO: Deployment of web application directory [/opt/tomcat/webapps/host-manager] has finished in [58] ms
Aug 21, 2023 11:58:10 PM org.apache.catalina.startup.HostConfig deployDirectory
INFO: Deploying web application directory [/opt/tomcat/webapps/manager]
Aug 21, 2023 11:58:10 PM org.apache.catalina.startup.HostConfig deployDirectory
INFO: Deployment of web application directory [/opt/tomcat/webapps/manager] has finished in [54] ms
Aug 21, 2023 11:58:10 PM org.apache.catalina.startup.HostConfig deployDirectory
INFO: Deploying web application directory [/opt/tomcat/webapps/www.newco.dev.br]
Aug 21, 2023 11:58:10 PM org.apache.catalina.startup.TldConfig execute
INFO: At least one JAR was scanned for TLDs yet contained no TLDs. Enable debug logging for this logger for a complete list of JARs that were scanned but no TLDs were found in them. Skipping unneeded JARs during scanning can improve startup time and JSP compilation time.
Aug 21, 2023 11:58:10 PM org.apache.catalina.startup.HostConfig deployDirectory
INFO: Deployment of web application directory [/opt/tomcat/webapps/www.newco.dev.br] has finished in [204] ms
Aug 21, 2023 11:58:10 PM org.apache.coyote.AbstractProtocol start
INFO: Starting ProtocolHandler ["http-bio-8080"]
Aug 21, 2023 11:58:10 PM org.apache.catalina.core.StandardService startInternal
SEVERE: Failed to start connector [Connector[AJP/1.3-8009]]
org.apache.catalina.LifecycleException: service.getName(): "Catalina";  Protocol handler start failed
	at org.apache.catalina.connector.Connector.startInternal(Connector.java:1065)
	at org.apache.catalina.util.LifecycleBase.start(LifecycleBase.java:183)
	at org.apache.catalina.core.StandardService.startInternal(StandardService.java:460)
	at org.apache.catalina.util.LifecycleBase.start(LifecycleBase.java:183)
	at org.apache.catalina.core.StandardServer.startInternal(StandardServer.java:744)
	at org.apache.catalina.util.LifecycleBase.start(LifecycleBase.java:183)
	at org.apache.catalina.startup.Catalina.start(Catalina.java:712)
	at sun.reflect.NativeMethodAccessorImpl.invoke0(Native Method)
	at sun.reflect.NativeMethodAccessorImpl.invoke(NativeMethodAccessorImpl.java:62)
	at sun.reflect.DelegatingMethodAccessorImpl.invoke(DelegatingMethodAccessorImpl.java:43)
	at java.lang.reflect.Method.invoke(Method.java:498)
	at org.apache.catalina.startup.Bootstrap.start(Bootstrap.java:284)
	at org.apache.catalina.startup.Bootstrap.main(Bootstrap.java:415)
Caused by: java.lang.IllegalArgumentException: The AJP Connector is configured with secretRequired="true" but the secret attribute is either null or "". This combination is not valid.
	at org.apache.coyote.ajp.AbstractAjpProtocol.start(AbstractAjpProtocol.java:211)
	at org.apache.catalina.connector.Connector.startInternal(Connector.java:1058)
	... 12 more

Aug 21, 2023 11:58:10 PM org.apache.catalina.startup.Catalina start
INFO: Server startup in 1068 ms
