Aug 10, 2023 10:26:17 AM org.apache.catalina.startup.VersionLoggerListener log
INFO: Server version name:   Apache Tomcat/7.0.109
Aug 10, 2023 10:26:17 AM org.apache.catalina.startup.VersionLoggerListener log
INFO: Server built:          Apr 22 2021 18:43:38 UTC
Aug 10, 2023 10:26:17 AM org.apache.catalina.startup.VersionLoggerListener log
INFO: Server version number: 7.0.109.0
Aug 10, 2023 10:26:17 AM org.apache.catalina.startup.VersionLoggerListener log
INFO: OS Name:               Linux
Aug 10, 2023 10:26:17 AM org.apache.catalina.startup.VersionLoggerListener log
INFO: OS Version:            3.10.0-1160.92.1.el7.x86_64
Aug 10, 2023 10:26:17 AM org.apache.catalina.startup.VersionLoggerListener log
INFO: Architecture:          amd64
Aug 10, 2023 10:26:17 AM org.apache.catalina.startup.VersionLoggerListener log
INFO: Java Home:             /usr/lib/jvm/java-1.8.0-openjdk-1.8.0.372.b07-1.el7_9.x86_64/jre
Aug 10, 2023 10:26:17 AM org.apache.catalina.startup.VersionLoggerListener log
INFO: JVM Version:           1.8.0_372-b07
Aug 10, 2023 10:26:17 AM org.apache.catalina.startup.VersionLoggerListener log
INFO: JVM Vendor:            Red Hat, Inc.
Aug 10, 2023 10:26:17 AM org.apache.catalina.startup.VersionLoggerListener log
INFO: CATALINA_BASE:         /opt/tomcat
Aug 10, 2023 10:26:17 AM org.apache.catalina.startup.VersionLoggerListener log
INFO: CATALINA_HOME:         /opt/tomcat
Aug 10, 2023 10:26:17 AM org.apache.catalina.startup.VersionLoggerListener log
INFO: Command line argument: -Djava.util.logging.config.file=/opt/tomcat/conf/logging.properties
Aug 10, 2023 10:26:17 AM org.apache.catalina.startup.VersionLoggerListener log
INFO: Command line argument: -Djava.util.logging.manager=org.apache.juli.ClassLoaderLogManager
Aug 10, 2023 10:26:17 AM org.apache.catalina.startup.VersionLoggerListener log
INFO: Command line argument: -Djdk.tls.ephemeralDHKeySize=2048
Aug 10, 2023 10:26:17 AM org.apache.catalina.startup.VersionLoggerListener log
INFO: Command line argument: -Dorg.apache.catalina.security.SecurityListener.UMASK=0027
Aug 10, 2023 10:26:17 AM org.apache.catalina.startup.VersionLoggerListener log
INFO: Command line argument: -Dignore.endorsed.dirs=
Aug 10, 2023 10:26:17 AM org.apache.catalina.startup.VersionLoggerListener log
INFO: Command line argument: -Dcatalina.base=/opt/tomcat
Aug 10, 2023 10:26:17 AM org.apache.catalina.startup.VersionLoggerListener log
INFO: Command line argument: -Dcatalina.home=/opt/tomcat
Aug 10, 2023 10:26:17 AM org.apache.catalina.startup.VersionLoggerListener log
INFO: Command line argument: -Djava.io.tmpdir=/opt/tomcat/temp
Aug 10, 2023 10:26:17 AM org.apache.catalina.core.AprLifecycleListener lifecycleEvent
INFO: The Apache Tomcat Native library which allows using OpenSSL was not found on the java.library.path: [/usr/java/packages/lib/amd64:/usr/lib64:/lib64:/lib:/usr/lib]
Aug 10, 2023 10:26:17 AM org.apache.coyote.AbstractProtocol init
INFO: Initializing ProtocolHandler ["http-bio-8080"]
Aug 10, 2023 10:26:18 AM org.apache.coyote.AbstractProtocol init
INFO: Initializing ProtocolHandler ["ajp-bio-0:0:0:0:0:0:0:1-8009"]
Aug 10, 2023 10:26:18 AM org.apache.catalina.startup.Catalina load
INFO: Initialization processed in 3279 ms
Aug 10, 2023 10:26:18 AM org.apache.catalina.core.StandardService startInternal
INFO: Starting service [Catalina]
Aug 10, 2023 10:26:18 AM org.apache.catalina.core.StandardEngine startInternal
INFO: Starting Servlet Engine: Apache Tomcat/7.0.109
Aug 10, 2023 10:26:18 AM org.apache.catalina.startup.HostConfig deployDirectory
INFO: Deploying web application directory [/opt/tomcat/webapps/ROOT]
Aug 10, 2023 10:26:19 AM org.apache.catalina.startup.HostConfig deployDirectory
INFO: Deployment of web application directory [/opt/tomcat/webapps/ROOT] has finished in [1,591] ms
Aug 10, 2023 10:26:19 AM org.apache.catalina.startup.HostConfig deployDirectory
INFO: Deploying web application directory [/opt/tomcat/webapps/docs]
Aug 10, 2023 10:26:20 AM org.apache.catalina.startup.HostConfig deployDirectory
INFO: Deployment of web application directory [/opt/tomcat/webapps/docs] has finished in [212] ms
Aug 10, 2023 10:26:20 AM org.apache.catalina.startup.HostConfig deployDirectory
INFO: Deploying web application directory [/opt/tomcat/webapps/examples]
Aug 10, 2023 10:26:21 AM org.apache.catalina.startup.HostConfig deployDirectory
INFO: Deployment of web application directory [/opt/tomcat/webapps/examples] has finished in [989] ms
Aug 10, 2023 10:26:21 AM org.apache.catalina.startup.HostConfig deployDirectory
INFO: Deploying web application directory [/opt/tomcat/webapps/host-manager]
Aug 10, 2023 10:26:21 AM org.apache.catalina.startup.HostConfig deployDirectory
INFO: Deployment of web application directory [/opt/tomcat/webapps/host-manager] has finished in [199] ms
Aug 10, 2023 10:26:21 AM org.apache.catalina.startup.HostConfig deployDirectory
INFO: Deploying web application directory [/opt/tomcat/webapps/manager]
Aug 10, 2023 10:26:21 AM org.apache.catalina.startup.HostConfig deployDirectory
INFO: Deployment of web application directory [/opt/tomcat/webapps/manager] has finished in [202] ms
Aug 10, 2023 10:26:21 AM org.apache.coyote.AbstractProtocol start
INFO: Starting ProtocolHandler ["http-bio-8080"]
Aug 10, 2023 10:26:21 AM org.apache.catalina.core.StandardService startInternal
SEVERE: Failed to start connector [Connector[AJP/1.3-8009]]
org.apache.catalina.LifecycleException: service.getName(): "Catalina";  Protocol handler start failed
	at org.apache.catalina.connector.Connector.startInternal(Connector.java:1065)
	at org.apache.catalina.util.LifecycleBase.start(LifecycleBase.java:183)
	at org.apache.catalina.core.StandardService.startInternal(StandardService.java:460)
	at org.apache.catalina.util.LifecycleBase.start(LifecycleBase.java:183)
	at org.apache.catalina.core.StandardServer.startInternal(StandardServer.java:744)
	at org.apache.catalina.util.LifecycleBase.start(LifecycleBase.java:183)
	at org.apache.catalina.startup.Catalina.start(Catalina.java:712)
	at sun.reflect.NativeMethodAccessorImpl.invoke0(Native Method)
	at sun.reflect.NativeMethodAccessorImpl.invoke(NativeMethodAccessorImpl.java:62)
	at sun.reflect.DelegatingMethodAccessorImpl.invoke(DelegatingMethodAccessorImpl.java:43)
	at java.lang.reflect.Method.invoke(Method.java:498)
	at org.apache.catalina.startup.Bootstrap.start(Bootstrap.java:284)
	at org.apache.catalina.startup.Bootstrap.main(Bootstrap.java:415)
Caused by: java.lang.IllegalArgumentException: The AJP Connector is configured with secretRequired="true" but the secret attribute is either null or "". This combination is not valid.
	at org.apache.coyote.ajp.AbstractAjpProtocol.start(AbstractAjpProtocol.java:211)
	at org.apache.catalina.connector.Connector.startInternal(Connector.java:1058)
	... 12 more

Aug 10, 2023 10:26:21 AM org.apache.catalina.startup.Catalina start
INFO: Server startup in 3500 ms
Aug 10, 2023 11:47:00 AM org.apache.coyote.http11.AbstractHttp11Processor process
INFO: Error parsing HTTP request header
 Note: further occurrences of HTTP request parsing errors will be logged at DEBUG level.
java.lang.IllegalArgumentException: Invalid character found in method name [0xba0xabd0xa1EZC0xdbM0x870xee^0xfd0xbf0x159]. HTTP method names must be tokens
	at org.apache.coyote.http11.InternalInputBuffer.parseRequestLine(InternalInputBuffer.java:140)
	at org.apache.coyote.http11.AbstractHttp11Processor.process(AbstractHttp11Processor.java:1108)
	at org.apache.coyote.AbstractProtocol$AbstractConnectionHandler.process(AbstractProtocol.java:654)
	at org.apache.tomcat.util.net.JIoEndpoint$SocketProcessor.run(JIoEndpoint.java:317)
	at java.util.concurrent.ThreadPoolExecutor.runWorker(ThreadPoolExecutor.java:1149)
	at java.util.concurrent.ThreadPoolExecutor$Worker.run(ThreadPoolExecutor.java:624)
	at org.apache.tomcat.util.threads.TaskThread$WrappingRunnable.run(TaskThread.java:61)
	at java.lang.Thread.run(Thread.java:750)

Aug 10, 2023 12:41:27 PM org.apache.coyote.http11.AbstractHttp11Processor process
INFO: Error parsing HTTP request header
 Note: further occurrences of HTTP request parsing errors will be logged at DEBUG level.
java.lang.IllegalArgumentException: Invalid character found in method name [MGLNDD_168.138.145.175_80800x0a...]. HTTP method names must be tokens
	at org.apache.coyote.http11.InternalInputBuffer.parseRequestLine(InternalInputBuffer.java:140)
	at org.apache.coyote.http11.AbstractHttp11Processor.process(AbstractHttp11Processor.java:1108)
	at org.apache.coyote.AbstractProtocol$AbstractConnectionHandler.process(AbstractProtocol.java:654)
	at org.apache.tomcat.util.net.JIoEndpoint$SocketProcessor.run(JIoEndpoint.java:317)
	at java.util.concurrent.ThreadPoolExecutor.runWorker(ThreadPoolExecutor.java:1149)
	at java.util.concurrent.ThreadPoolExecutor$Worker.run(ThreadPoolExecutor.java:624)
	at org.apache.tomcat.util.threads.TaskThread$WrappingRunnable.run(TaskThread.java:61)
	at java.lang.Thread.run(Thread.java:750)

Aug 10, 2023 12:48:43 PM org.apache.catalina.core.StandardServer await
INFO: A valid shutdown command was received via the shutdown port. Stopping the Server instance.
Aug 10, 2023 12:48:43 PM org.apache.coyote.AbstractProtocol pause
INFO: Pausing ProtocolHandler ["http-bio-8080"]
Aug 10, 2023 12:48:43 PM org.apache.coyote.AbstractProtocol pause
INFO: Pausing ProtocolHandler ["ajp-bio-0:0:0:0:0:0:0:1-8009"]
Aug 10, 2023 12:48:43 PM org.apache.catalina.core.StandardService stopInternal
INFO: Stopping service [Catalina]
Aug 10, 2023 12:48:43 PM org.apache.coyote.AbstractProtocol stop
INFO: Stopping ProtocolHandler ["http-bio-8080"]
Aug 10, 2023 12:48:43 PM org.apache.coyote.AbstractProtocol destroy
INFO: Destroying ProtocolHandler ["http-bio-8080"]
Aug 10, 2023 12:48:43 PM org.apache.coyote.AbstractProtocol stop
INFO: Stopping ProtocolHandler ["ajp-bio-0:0:0:0:0:0:0:1-8009"]
Aug 10, 2023 12:48:43 PM org.apache.catalina.util.LifecycleBase destroy
SEVERE: Called stop() on failed component [Connector[AJP/1.3-8009]] to trigger clean-up but it failed too
org.apache.catalina.LifecycleException: An invalid Lifecycle transition was attempted ([before_stop]) for component [org.apache.catalina.connector.MapperListener@1f7030a6] in state [INITIALIZED]
	at org.apache.catalina.util.LifecycleBase.invalidTransition(LifecycleBase.java:430)
	at org.apache.catalina.util.LifecycleBase.stop(LifecycleBase.java:244)
	at org.apache.catalina.connector.Connector.stopInternal(Connector.java:1091)
	at org.apache.catalina.util.LifecycleBase.stop(LifecycleBase.java:257)
	at org.apache.catalina.util.LifecycleBase.destroy(LifecycleBase.java:293)
	at org.apache.catalina.core.StandardService.destroyInternal(StandardService.java:579)
	at org.apache.catalina.util.LifecycleBase.destroy(LifecycleBase.java:321)
	at org.apache.catalina.core.StandardServer.destroyInternal(StandardServer.java:834)
	at org.apache.catalina.util.LifecycleBase.destroy(LifecycleBase.java:321)
	at org.apache.catalina.startup.Catalina.stop(Catalina.java:786)
	at org.apache.catalina.startup.Catalina.start(Catalina.java:747)
	at sun.reflect.NativeMethodAccessorImpl.invoke0(Native Method)
	at sun.reflect.NativeMethodAccessorImpl.invoke(NativeMethodAccessorImpl.java:62)
	at sun.reflect.DelegatingMethodAccessorImpl.invoke(DelegatingMethodAccessorImpl.java:43)
	at java.lang.reflect.Method.invoke(Method.java:498)
	at org.apache.catalina.startup.Bootstrap.start(Bootstrap.java:284)
	at org.apache.catalina.startup.Bootstrap.main(Bootstrap.java:415)

Aug 10, 2023 12:48:43 PM org.apache.coyote.AbstractProtocol destroy
INFO: Destroying ProtocolHandler ["ajp-bio-0:0:0:0:0:0:0:1-8009"]
Aug 10, 2023 12:49:10 PM org.apache.catalina.startup.VersionLoggerListener log
INFO: Server version name:   Apache Tomcat/7.0.109
Aug 10, 2023 12:49:10 PM org.apache.catalina.startup.VersionLoggerListener log
INFO: Server built:          Apr 22 2021 18:43:38 UTC
Aug 10, 2023 12:49:10 PM org.apache.catalina.startup.VersionLoggerListener log
INFO: Server version number: 7.0.109.0
Aug 10, 2023 12:49:10 PM org.apache.catalina.startup.VersionLoggerListener log
INFO: OS Name:               Linux
Aug 10, 2023 12:49:10 PM org.apache.catalina.startup.VersionLoggerListener log
INFO: OS Version:            3.10.0-1160.92.1.el7.x86_64
Aug 10, 2023 12:49:10 PM org.apache.catalina.startup.VersionLoggerListener log
INFO: Architecture:          amd64
Aug 10, 2023 12:49:10 PM org.apache.catalina.startup.VersionLoggerListener log
INFO: Java Home:             /usr/lib/jvm/java-1.8.0-openjdk-1.8.0.372.b07-1.el7_9.x86_64/jre
Aug 10, 2023 12:49:10 PM org.apache.catalina.startup.VersionLoggerListener log
INFO: JVM Version:           1.8.0_372-b07
Aug 10, 2023 12:49:10 PM org.apache.catalina.startup.VersionLoggerListener log
INFO: JVM Vendor:            Red Hat, Inc.
Aug 10, 2023 12:49:10 PM org.apache.catalina.startup.VersionLoggerListener log
INFO: CATALINA_BASE:         /opt/tomcat
Aug 10, 2023 12:49:10 PM org.apache.catalina.startup.VersionLoggerListener log
INFO: CATALINA_HOME:         /opt/tomcat
Aug 10, 2023 12:49:10 PM org.apache.catalina.startup.VersionLoggerListener log
INFO: Command line argument: -Djava.util.logging.config.file=/opt/tomcat/conf/logging.properties
Aug 10, 2023 12:49:10 PM org.apache.catalina.startup.VersionLoggerListener log
INFO: Command line argument: -Djava.util.logging.manager=org.apache.juli.ClassLoaderLogManager
Aug 10, 2023 12:49:10 PM org.apache.catalina.startup.VersionLoggerListener log
INFO: Command line argument: -Djdk.tls.ephemeralDHKeySize=2048
Aug 10, 2023 12:49:10 PM org.apache.catalina.startup.VersionLoggerListener log
INFO: Command line argument: -Dorg.apache.catalina.security.SecurityListener.UMASK=0027
Aug 10, 2023 12:49:10 PM org.apache.catalina.startup.VersionLoggerListener log
INFO: Command line argument: -Dignore.endorsed.dirs=
Aug 10, 2023 12:49:10 PM org.apache.catalina.startup.VersionLoggerListener log
INFO: Command line argument: -Dcatalina.base=/opt/tomcat
Aug 10, 2023 12:49:10 PM org.apache.catalina.startup.VersionLoggerListener log
INFO: Command line argument: -Dcatalina.home=/opt/tomcat
Aug 10, 2023 12:49:10 PM org.apache.catalina.startup.VersionLoggerListener log
INFO: Command line argument: -Djava.io.tmpdir=/opt/tomcat/temp
Aug 10, 2023 12:49:10 PM org.apache.catalina.core.AprLifecycleListener lifecycleEvent
INFO: The Apache Tomcat Native library which allows using OpenSSL was not found on the java.library.path: [/usr/java/packages/lib/amd64:/usr/lib64:/lib64:/lib:/usr/lib]
Aug 10, 2023 12:49:11 PM org.apache.coyote.AbstractProtocol init
INFO: Initializing ProtocolHandler ["http-bio-8080"]
Aug 10, 2023 12:49:11 PM org.apache.coyote.AbstractProtocol init
INFO: Initializing ProtocolHandler ["ajp-bio-0:0:0:0:0:0:0:1-8009"]
Aug 10, 2023 12:49:11 PM org.apache.catalina.startup.Catalina load
INFO: Initialization processed in 2813 ms
Aug 10, 2023 12:49:11 PM org.apache.catalina.core.StandardService startInternal
INFO: Starting service [Catalina]
Aug 10, 2023 12:49:11 PM org.apache.catalina.core.StandardEngine startInternal
INFO: Starting Servlet Engine: Apache Tomcat/7.0.109
Aug 10, 2023 12:49:11 PM org.apache.catalina.startup.HostConfig deployDirectory
INFO: Deploying web application directory [/opt/tomcat/webapps/ROOT]
Aug 10, 2023 12:49:13 PM org.apache.catalina.startup.HostConfig deployDirectory
INFO: Deployment of web application directory [/opt/tomcat/webapps/ROOT] has finished in [1,486] ms
Aug 10, 2023 12:49:13 PM org.apache.catalina.startup.HostConfig deployDirectory
INFO: Deploying web application directory [/opt/tomcat/webapps/docs]
Aug 10, 2023 12:49:13 PM org.apache.catalina.startup.HostConfig deployDirectory
INFO: Deployment of web application directory [/opt/tomcat/webapps/docs] has finished in [219] ms
Aug 10, 2023 12:49:13 PM org.apache.catalina.startup.HostConfig deployDirectory
INFO: Deploying web application directory [/opt/tomcat/webapps/examples]
Aug 10, 2023 12:49:14 PM org.apache.catalina.startup.HostConfig deployDirectory
INFO: Deployment of web application directory [/opt/tomcat/webapps/examples] has finished in [1,103] ms
Aug 10, 2023 12:49:14 PM org.apache.catalina.startup.HostConfig deployDirectory
INFO: Deploying web application directory [/opt/tomcat/webapps/host-manager]
Aug 10, 2023 12:49:14 PM org.apache.catalina.startup.HostConfig deployDirectory
INFO: Deployment of web application directory [/opt/tomcat/webapps/host-manager] has finished in [193] ms
Aug 10, 2023 12:49:14 PM org.apache.catalina.startup.HostConfig deployDirectory
INFO: Deploying web application directory [/opt/tomcat/webapps/manager]
Aug 10, 2023 12:49:14 PM org.apache.catalina.startup.HostConfig deployDirectory
INFO: Deployment of web application directory [/opt/tomcat/webapps/manager] has finished in [197] ms
Aug 10, 2023 12:49:14 PM org.apache.coyote.AbstractProtocol start
INFO: Starting ProtocolHandler ["http-bio-8080"]
Aug 10, 2023 12:49:14 PM org.apache.catalina.core.StandardService startInternal
SEVERE: Failed to start connector [Connector[AJP/1.3-8009]]
org.apache.catalina.LifecycleException: service.getName(): "Catalina";  Protocol handler start failed
	at org.apache.catalina.connector.Connector.startInternal(Connector.java:1065)
	at org.apache.catalina.util.LifecycleBase.start(LifecycleBase.java:183)
	at org.apache.catalina.core.StandardService.startInternal(StandardService.java:460)
	at org.apache.catalina.util.LifecycleBase.start(LifecycleBase.java:183)
	at org.apache.catalina.core.StandardServer.startInternal(StandardServer.java:744)
	at org.apache.catalina.util.LifecycleBase.start(LifecycleBase.java:183)
	at org.apache.catalina.startup.Catalina.start(Catalina.java:712)
	at sun.reflect.NativeMethodAccessorImpl.invoke0(Native Method)
	at sun.reflect.NativeMethodAccessorImpl.invoke(NativeMethodAccessorImpl.java:62)
	at sun.reflect.DelegatingMethodAccessorImpl.invoke(DelegatingMethodAccessorImpl.java:43)
	at java.lang.reflect.Method.invoke(Method.java:498)
	at org.apache.catalina.startup.Bootstrap.start(Bootstrap.java:284)
	at org.apache.catalina.startup.Bootstrap.main(Bootstrap.java:415)
Caused by: java.lang.IllegalArgumentException: The AJP Connector is configured with secretRequired="true" but the secret attribute is either null or "". This combination is not valid.
	at org.apache.coyote.ajp.AbstractAjpProtocol.start(AbstractAjpProtocol.java:211)
	at org.apache.catalina.connector.Connector.startInternal(Connector.java:1058)
	... 12 more

Aug 10, 2023 12:49:14 PM org.apache.catalina.startup.Catalina start
INFO: Server startup in 3586 ms
Aug 10, 2023 8:02:43 PM org.apache.coyote.http11.AbstractHttp11Processor process
INFO: Error parsing HTTP request header
 Note: further occurrences of HTTP request parsing errors will be logged at DEBUG level.
java.lang.IllegalArgumentException: Invalid character found in method name [0x160x030x010x000x850x010x000x000x810x030x03e0xd5)70xb6,+*0xe6&0x1eK0xb10x8310xe10x05B0xb6p0x11:0xb20x8a0x9b(0x190xdeaI0xc7v0x000x00]. HTTP method names must be tokens
	at org.apache.coyote.http11.InternalInputBuffer.parseRequestLine(InternalInputBuffer.java:140)
	at org.apache.coyote.http11.AbstractHttp11Processor.process(AbstractHttp11Processor.java:1108)
	at org.apache.coyote.AbstractProtocol$AbstractConnectionHandler.process(AbstractProtocol.java:654)
	at org.apache.tomcat.util.net.JIoEndpoint$SocketProcessor.run(JIoEndpoint.java:317)
	at java.util.concurrent.ThreadPoolExecutor.runWorker(ThreadPoolExecutor.java:1149)
	at java.util.concurrent.ThreadPoolExecutor$Worker.run(ThreadPoolExecutor.java:624)
	at org.apache.tomcat.util.threads.TaskThread$WrappingRunnable.run(TaskThread.java:61)
	at java.lang.Thread.run(Thread.java:750)

Aug 10, 2023 9:18:11 PM org.apache.coyote.http11.AbstractHttp11Processor process
INFO: Error parsing HTTP request header
 Note: further occurrences of HTTP request parsing errors will be logged at DEBUG level.
java.lang.IllegalArgumentException: Invalid character found in method name [0x160x030x010x00{0x010x000x00w0x030x03<70x08M0xb3W\W<]. HTTP method names must be tokens
	at org.apache.coyote.http11.InternalInputBuffer.parseRequestLine(InternalInputBuffer.java:140)
	at org.apache.coyote.http11.AbstractHttp11Processor.process(AbstractHttp11Processor.java:1108)
	at org.apache.coyote.AbstractProtocol$AbstractConnectionHandler.process(AbstractProtocol.java:654)
	at org.apache.tomcat.util.net.JIoEndpoint$SocketProcessor.run(JIoEndpoint.java:317)
	at java.util.concurrent.ThreadPoolExecutor.runWorker(ThreadPoolExecutor.java:1149)
	at java.util.concurrent.ThreadPoolExecutor$Worker.run(ThreadPoolExecutor.java:624)
	at org.apache.tomcat.util.threads.TaskThread$WrappingRunnable.run(TaskThread.java:61)
	at java.lang.Thread.run(Thread.java:750)

Aug 10, 2023 11:57:27 PM org.apache.catalina.realm.LockOutRealm filterLockedAccounts
WARNING: An attempt was made to authenticate the locked user [tomcat]
Aug 10, 2023 11:57:27 PM org.apache.catalina.realm.LockOutRealm filterLockedAccounts
WARNING: An attempt was made to authenticate the locked user [tomcat]
Aug 10, 2023 11:57:28 PM org.apache.catalina.realm.LockOutRealm filterLockedAccounts
WARNING: An attempt was made to authenticate the locked user [tomcat]
Aug 10, 2023 11:57:28 PM org.apache.catalina.realm.LockOutRealm filterLockedAccounts
WARNING: An attempt was made to authenticate the locked user [tomcat]
Aug 10, 2023 11:57:28 PM org.apache.catalina.realm.LockOutRealm filterLockedAccounts
WARNING: An attempt was made to authenticate the locked user [tomcat]
Aug 10, 2023 11:57:28 PM org.apache.catalina.realm.LockOutRealm filterLockedAccounts
WARNING: An attempt was made to authenticate the locked user [tomcat]
Aug 10, 2023 11:57:28 PM org.apache.catalina.realm.LockOutRealm filterLockedAccounts
WARNING: An attempt was made to authenticate the locked user [tomcat]
Aug 10, 2023 11:57:28 PM org.apache.catalina.realm.LockOutRealm filterLockedAccounts
WARNING: An attempt was made to authenticate the locked user [tomcat]
Aug 10, 2023 11:57:29 PM org.apache.catalina.realm.LockOutRealm filterLockedAccounts
WARNING: An attempt was made to authenticate the locked user [tomcat]
Aug 10, 2023 11:57:29 PM org.apache.catalina.realm.LockOutRealm filterLockedAccounts
WARNING: An attempt was made to authenticate the locked user [tomcat]
Aug 10, 2023 11:57:29 PM org.apache.catalina.realm.LockOutRealm filterLockedAccounts
WARNING: An attempt was made to authenticate the locked user [tomcat]
Aug 10, 2023 11:57:29 PM org.apache.catalina.realm.LockOutRealm filterLockedAccounts
WARNING: An attempt was made to authenticate the locked user [tomcat]
Aug 10, 2023 11:57:29 PM org.apache.catalina.realm.LockOutRealm filterLockedAccounts
WARNING: An attempt was made to authenticate the locked user [tomcat]
Aug 10, 2023 11:57:29 PM org.apache.catalina.realm.LockOutRealm filterLockedAccounts
WARNING: An attempt was made to authenticate the locked user [tomcat]
Aug 10, 2023 11:57:29 PM org.apache.catalina.realm.LockOutRealm filterLockedAccounts
WARNING: An attempt was made to authenticate the locked user [tomcat]
Aug 10, 2023 11:57:29 PM org.apache.catalina.realm.LockOutRealm filterLockedAccounts
WARNING: An attempt was made to authenticate the locked user [tomcat]
Aug 10, 2023 11:57:35 PM org.apache.catalina.realm.LockOutRealm filterLockedAccounts
WARNING: An attempt was made to authenticate the locked user [tomcat]
Aug 10, 2023 11:57:35 PM org.apache.catalina.realm.LockOutRealm filterLockedAccounts
WARNING: An attempt was made to authenticate the locked user [tomcat]
Aug 10, 2023 11:57:35 PM org.apache.catalina.realm.LockOutRealm filterLockedAccounts
WARNING: An attempt was made to authenticate the locked user [tomcat]
Aug 10, 2023 11:57:35 PM org.apache.catalina.realm.LockOutRealm filterLockedAccounts
WARNING: An attempt was made to authenticate the locked user [tomcat]
Aug 10, 2023 11:57:35 PM org.apache.catalina.realm.LockOutRealm filterLockedAccounts
WARNING: An attempt was made to authenticate the locked user [tomcat]
Aug 10, 2023 11:57:35 PM org.apache.catalina.realm.LockOutRealm filterLockedAccounts
WARNING: An attempt was made to authenticate the locked user [tomcat]
Aug 10, 2023 11:57:35 PM org.apache.catalina.realm.LockOutRealm filterLockedAccounts
WARNING: An attempt was made to authenticate the locked user [tomcat]
Aug 10, 2023 11:57:35 PM org.apache.catalina.realm.LockOutRealm filterLockedAccounts
WARNING: An attempt was made to authenticate the locked user [tomcat]
Aug 10, 2023 11:57:35 PM org.apache.catalina.realm.LockOutRealm filterLockedAccounts
WARNING: An attempt was made to authenticate the locked user [tomcat]
Aug 10, 2023 11:57:35 PM org.apache.catalina.realm.LockOutRealm filterLockedAccounts
WARNING: An attempt was made to authenticate the locked user [tomcat]
Aug 10, 2023 11:57:35 PM org.apache.catalina.realm.LockOutRealm filterLockedAccounts
WARNING: An attempt was made to authenticate the locked user [tomcat]
Aug 10, 2023 11:57:36 PM org.apache.catalina.realm.LockOutRealm filterLockedAccounts
WARNING: An attempt was made to authenticate the locked user [tomcat]
Aug 10, 2023 11:57:36 PM org.apache.catalina.realm.LockOutRealm filterLockedAccounts
WARNING: An attempt was made to authenticate the locked user [tomcat]
Aug 10, 2023 11:57:36 PM org.apache.catalina.realm.LockOutRealm filterLockedAccounts
WARNING: An attempt was made to authenticate the locked user [tomcat]
Aug 10, 2023 11:57:36 PM org.apache.catalina.realm.LockOutRealm filterLockedAccounts
WARNING: An attempt was made to authenticate the locked user [tomcat]
Aug 10, 2023 11:57:36 PM org.apache.catalina.realm.LockOutRealm filterLockedAccounts
WARNING: An attempt was made to authenticate the locked user [tomcat]
Aug 10, 2023 11:57:36 PM org.apache.catalina.realm.LockOutRealm filterLockedAccounts
WARNING: An attempt was made to authenticate the locked user [tomcat]
Aug 10, 2023 11:57:36 PM org.apache.catalina.realm.LockOutRealm filterLockedAccounts
WARNING: An attempt was made to authenticate the locked user [tomcat]
Aug 10, 2023 11:57:36 PM org.apache.catalina.realm.LockOutRealm filterLockedAccounts
WARNING: An attempt was made to authenticate the locked user [tomcat]
Aug 10, 2023 11:57:36 PM org.apache.catalina.realm.LockOutRealm filterLockedAccounts
WARNING: An attempt was made to authenticate the locked user [tomcat]
Aug 10, 2023 11:57:41 PM org.apache.catalina.realm.LockOutRealm filterLockedAccounts
WARNING: An attempt was made to authenticate the locked user [tomcat]
Aug 10, 2023 11:57:41 PM org.apache.catalina.realm.LockOutRealm filterLockedAccounts
WARNING: An attempt was made to authenticate the locked user [tomcat]
Aug 10, 2023 11:57:41 PM org.apache.catalina.realm.LockOutRealm filterLockedAccounts
WARNING: An attempt was made to authenticate the locked user [tomcat]
Aug 10, 2023 11:57:41 PM org.apache.catalina.realm.LockOutRealm filterLockedAccounts
WARNING: An attempt was made to authenticate the locked user [tomcat]
Aug 10, 2023 11:57:41 PM org.apache.catalina.realm.LockOutRealm filterLockedAccounts
WARNING: An attempt was made to authenticate the locked user [tomcat]
Aug 10, 2023 11:57:41 PM org.apache.catalina.realm.LockOutRealm filterLockedAccounts
WARNING: An attempt was made to authenticate the locked user [tomcat]
Aug 10, 2023 11:57:41 PM org.apache.catalina.realm.LockOutRealm filterLockedAccounts
WARNING: An attempt was made to authenticate the locked user [tomcat]
Aug 10, 2023 11:57:41 PM org.apache.catalina.realm.LockOutRealm filterLockedAccounts
WARNING: An attempt was made to authenticate the locked user [tomcat]
Aug 10, 2023 11:57:41 PM org.apache.catalina.realm.LockOutRealm filterLockedAccounts
WARNING: An attempt was made to authenticate the locked user [tomcat]
Aug 10, 2023 11:57:41 PM org.apache.catalina.realm.LockOutRealm filterLockedAccounts
WARNING: An attempt was made to authenticate the locked user [tomcat]
Aug 10, 2023 11:57:41 PM org.apache.catalina.realm.LockOutRealm filterLockedAccounts
WARNING: An attempt was made to authenticate the locked user [tomcat]
Aug 10, 2023 11:57:41 PM org.apache.catalina.realm.LockOutRealm filterLockedAccounts
WARNING: An attempt was made to authenticate the locked user [tomcat]
Aug 10, 2023 11:57:41 PM org.apache.catalina.realm.LockOutRealm filterLockedAccounts
WARNING: An attempt was made to authenticate the locked user [tomcat]
Aug 10, 2023 11:57:41 PM org.apache.catalina.realm.LockOutRealm filterLockedAccounts
WARNING: An attempt was made to authenticate the locked user [tomcat]
Aug 10, 2023 11:57:41 PM org.apache.catalina.realm.LockOutRealm filterLockedAccounts
WARNING: An attempt was made to authenticate the locked user [tomcat]
Aug 10, 2023 11:57:41 PM org.apache.catalina.realm.LockOutRealm filterLockedAccounts
WARNING: An attempt was made to authenticate the locked user [tomcat]
Aug 10, 2023 11:57:42 PM org.apache.catalina.realm.LockOutRealm filterLockedAccounts
WARNING: An attempt was made to authenticate the locked user [tomcat]
Aug 10, 2023 11:57:42 PM org.apache.catalina.realm.LockOutRealm filterLockedAccounts
WARNING: An attempt was made to authenticate the locked user [tomcat]
Aug 10, 2023 11:57:42 PM org.apache.catalina.realm.LockOutRealm filterLockedAccounts
WARNING: An attempt was made to authenticate the locked user [tomcat]
Aug 10, 2023 11:57:42 PM org.apache.catalina.realm.LockOutRealm filterLockedAccounts
WARNING: An attempt was made to authenticate the locked user [tomcat]
Aug 10, 2023 11:57:47 PM org.apache.catalina.realm.LockOutRealm filterLockedAccounts
WARNING: An attempt was made to authenticate the locked user [tomcat]
Aug 10, 2023 11:57:47 PM org.apache.catalina.realm.LockOutRealm filterLockedAccounts
WARNING: An attempt was made to authenticate the locked user [tomcat]
Aug 10, 2023 11:57:47 PM org.apache.catalina.realm.LockOutRealm filterLockedAccounts
WARNING: An attempt was made to authenticate the locked user [tomcat]
Aug 10, 2023 11:57:47 PM org.apache.catalina.realm.LockOutRealm filterLockedAccounts
WARNING: An attempt was made to authenticate the locked user [tomcat]
Aug 10, 2023 11:57:47 PM org.apache.catalina.realm.LockOutRealm filterLockedAccounts
WARNING: An attempt was made to authenticate the locked user [tomcat]
Aug 10, 2023 11:57:47 PM org.apache.catalina.realm.LockOutRealm filterLockedAccounts
WARNING: An attempt was made to authenticate the locked user [tomcat]
Aug 10, 2023 11:57:47 PM org.apache.catalina.realm.LockOutRealm filterLockedAccounts
WARNING: An attempt was made to authenticate the locked user [tomcat]
Aug 10, 2023 11:57:47 PM org.apache.catalina.realm.LockOutRealm filterLockedAccounts
WARNING: An attempt was made to authenticate the locked user [tomcat]
Aug 10, 2023 11:57:47 PM org.apache.catalina.realm.LockOutRealm filterLockedAccounts
WARNING: An attempt was made to authenticate the locked user [tomcat]
Aug 10, 2023 11:57:47 PM org.apache.catalina.realm.LockOutRealm filterLockedAccounts
WARNING: An attempt was made to authenticate the locked user [tomcat]
Aug 10, 2023 11:57:47 PM org.apache.catalina.realm.LockOutRealm filterLockedAccounts
WARNING: An attempt was made to authenticate the locked user [tomcat]
Aug 10, 2023 11:57:47 PM org.apache.catalina.realm.LockOutRealm filterLockedAccounts
WARNING: An attempt was made to authenticate the locked user [tomcat]
Aug 10, 2023 11:57:47 PM org.apache.catalina.realm.LockOutRealm filterLockedAccounts
WARNING: An attempt was made to authenticate the locked user [tomcat]
Aug 10, 2023 11:57:47 PM org.apache.catalina.realm.LockOutRealm filterLockedAccounts
WARNING: An attempt was made to authenticate the locked user [tomcat]
Aug 10, 2023 11:57:47 PM org.apache.catalina.realm.LockOutRealm filterLockedAccounts
WARNING: An attempt was made to authenticate the locked user [tomcat]
Aug 10, 2023 11:57:47 PM org.apache.catalina.realm.LockOutRealm filterLockedAccounts
WARNING: An attempt was made to authenticate the locked user [tomcat]
Aug 10, 2023 11:57:47 PM org.apache.catalina.realm.LockOutRealm filterLockedAccounts
WARNING: An attempt was made to authenticate the locked user [tomcat]
Aug 10, 2023 11:57:47 PM org.apache.catalina.realm.LockOutRealm filterLockedAccounts
WARNING: An attempt was made to authenticate the locked user [tomcat]
Aug 10, 2023 11:57:47 PM org.apache.catalina.realm.LockOutRealm filterLockedAccounts
WARNING: An attempt was made to authenticate the locked user [tomcat]
Aug 10, 2023 11:57:47 PM org.apache.catalina.realm.LockOutRealm filterLockedAccounts
WARNING: An attempt was made to authenticate the locked user [tomcat]
Aug 10, 2023 11:57:52 PM org.apache.catalina.realm.LockOutRealm filterLockedAccounts
WARNING: An attempt was made to authenticate the locked user [admin]
Aug 10, 2023 11:57:52 PM org.apache.catalina.realm.LockOutRealm filterLockedAccounts
WARNING: An attempt was made to authenticate the locked user [admin]
Aug 10, 2023 11:57:52 PM org.apache.catalina.realm.LockOutRealm filterLockedAccounts
WARNING: An attempt was made to authenticate the locked user [admin]
Aug 10, 2023 11:57:52 PM org.apache.catalina.realm.LockOutRealm filterLockedAccounts
WARNING: An attempt was made to authenticate the locked user [admin]
Aug 10, 2023 11:57:52 PM org.apache.catalina.realm.LockOutRealm filterLockedAccounts
WARNING: An attempt was made to authenticate the locked user [admin]
Aug 10, 2023 11:57:52 PM org.apache.catalina.realm.LockOutRealm filterLockedAccounts
WARNING: An attempt was made to authenticate the locked user [admin]
Aug 10, 2023 11:57:52 PM org.apache.catalina.realm.LockOutRealm filterLockedAccounts
WARNING: An attempt was made to authenticate the locked user [admin]
Aug 10, 2023 11:57:52 PM org.apache.catalina.realm.LockOutRealm filterLockedAccounts
WARNING: An attempt was made to authenticate the locked user [admin]
Aug 10, 2023 11:57:52 PM org.apache.catalina.realm.LockOutRealm filterLockedAccounts
WARNING: An attempt was made to authenticate the locked user [admin]
Aug 10, 2023 11:57:52 PM org.apache.catalina.realm.LockOutRealm filterLockedAccounts
WARNING: An attempt was made to authenticate the locked user [admin]
Aug 10, 2023 11:57:52 PM org.apache.catalina.realm.LockOutRealm filterLockedAccounts
WARNING: An attempt was made to authenticate the locked user [admin]
Aug 10, 2023 11:57:52 PM org.apache.catalina.realm.LockOutRealm filterLockedAccounts
WARNING: An attempt was made to authenticate the locked user [admin]
Aug 10, 2023 11:57:52 PM org.apache.catalina.realm.LockOutRealm filterLockedAccounts
WARNING: An attempt was made to authenticate the locked user [admin]
Aug 10, 2023 11:57:52 PM org.apache.catalina.realm.LockOutRealm filterLockedAccounts
WARNING: An attempt was made to authenticate the locked user [admin]
Aug 10, 2023 11:57:52 PM org.apache.catalina.realm.LockOutRealm filterLockedAccounts
WARNING: An attempt was made to authenticate the locked user [admin]
Aug 10, 2023 11:57:52 PM org.apache.catalina.realm.LockOutRealm filterLockedAccounts
WARNING: An attempt was made to authenticate the locked user [admin]
Aug 10, 2023 11:57:57 PM org.apache.catalina.realm.LockOutRealm filterLockedAccounts
WARNING: An attempt was made to authenticate the locked user [admin]
Aug 10, 2023 11:57:57 PM org.apache.catalina.realm.LockOutRealm filterLockedAccounts
WARNING: An attempt was made to authenticate the locked user [admin]
Aug 10, 2023 11:57:57 PM org.apache.catalina.realm.LockOutRealm filterLockedAccounts
WARNING: An attempt was made to authenticate the locked user [admin]
Aug 10, 2023 11:57:57 PM org.apache.catalina.realm.LockOutRealm filterLockedAccounts
WARNING: An attempt was made to authenticate the locked user [admin]
Aug 10, 2023 11:57:57 PM org.apache.catalina.realm.LockOutRealm filterLockedAccounts
WARNING: An attempt was made to authenticate the locked user [admin]
Aug 10, 2023 11:57:57 PM org.apache.catalina.realm.LockOutRealm filterLockedAccounts
WARNING: An attempt was made to authenticate the locked user [admin]
Aug 10, 2023 11:57:57 PM org.apache.catalina.realm.LockOutRealm filterLockedAccounts
WARNING: An attempt was made to authenticate the locked user [admin]
Aug 10, 2023 11:57:57 PM org.apache.catalina.realm.LockOutRealm filterLockedAccounts
WARNING: An attempt was made to authenticate the locked user [admin]
Aug 10, 2023 11:57:57 PM org.apache.catalina.realm.LockOutRealm filterLockedAccounts
WARNING: An attempt was made to authenticate the locked user [admin]
Aug 10, 2023 11:57:57 PM org.apache.catalina.realm.LockOutRealm filterLockedAccounts
WARNING: An attempt was made to authenticate the locked user [admin]
Aug 10, 2023 11:57:57 PM org.apache.catalina.realm.LockOutRealm filterLockedAccounts
WARNING: An attempt was made to authenticate the locked user [admin]
Aug 10, 2023 11:57:57 PM org.apache.catalina.realm.LockOutRealm filterLockedAccounts
WARNING: An attempt was made to authenticate the locked user [admin]
Aug 10, 2023 11:57:57 PM org.apache.catalina.realm.LockOutRealm filterLockedAccounts
WARNING: An attempt was made to authenticate the locked user [admin]
Aug 10, 2023 11:57:57 PM org.apache.catalina.realm.LockOutRealm filterLockedAccounts
WARNING: An attempt was made to authenticate the locked user [admin]
Aug 10, 2023 11:57:57 PM org.apache.catalina.realm.LockOutRealm filterLockedAccounts
WARNING: An attempt was made to authenticate the locked user [admin]
Aug 10, 2023 11:57:57 PM org.apache.catalina.realm.LockOutRealm filterLockedAccounts
WARNING: An attempt was made to authenticate the locked user [admin]
Aug 10, 2023 11:57:57 PM org.apache.catalina.realm.LockOutRealm filterLockedAccounts
WARNING: An attempt was made to authenticate the locked user [admin]
Aug 10, 2023 11:57:57 PM org.apache.catalina.realm.LockOutRealm filterLockedAccounts
WARNING: An attempt was made to authenticate the locked user [admin]
Aug 10, 2023 11:57:57 PM org.apache.catalina.realm.LockOutRealm filterLockedAccounts
WARNING: An attempt was made to authenticate the locked user [admin]
Aug 10, 2023 11:57:57 PM org.apache.catalina.realm.LockOutRealm filterLockedAccounts
WARNING: An attempt was made to authenticate the locked user [admin]
Aug 10, 2023 11:58:02 PM org.apache.catalina.realm.LockOutRealm filterLockedAccounts
WARNING: An attempt was made to authenticate the locked user [admin]
Aug 10, 2023 11:58:02 PM org.apache.catalina.realm.LockOutRealm filterLockedAccounts
WARNING: An attempt was made to authenticate the locked user [admin]
Aug 10, 2023 11:58:02 PM org.apache.catalina.realm.LockOutRealm filterLockedAccounts
WARNING: An attempt was made to authenticate the locked user [admin]
Aug 10, 2023 11:58:02 PM org.apache.catalina.realm.LockOutRealm filterLockedAccounts
WARNING: An attempt was made to authenticate the locked user [admin]
Aug 10, 2023 11:58:02 PM org.apache.catalina.realm.LockOutRealm filterLockedAccounts
WARNING: An attempt was made to authenticate the locked user [admin]
Aug 10, 2023 11:58:02 PM org.apache.catalina.realm.LockOutRealm filterLockedAccounts
WARNING: An attempt was made to authenticate the locked user [admin]
Aug 10, 2023 11:58:02 PM org.apache.catalina.realm.LockOutRealm filterLockedAccounts
WARNING: An attempt was made to authenticate the locked user [admin]
Aug 10, 2023 11:58:02 PM org.apache.catalina.realm.LockOutRealm filterLockedAccounts
WARNING: An attempt was made to authenticate the locked user [admin]
Aug 10, 2023 11:58:02 PM org.apache.catalina.realm.LockOutRealm filterLockedAccounts
WARNING: An attempt was made to authenticate the locked user [admin]
Aug 10, 2023 11:58:02 PM org.apache.catalina.realm.LockOutRealm filterLockedAccounts
WARNING: An attempt was made to authenticate the locked user [admin]
Aug 10, 2023 11:58:02 PM org.apache.catalina.realm.LockOutRealm filterLockedAccounts
WARNING: An attempt was made to authenticate the locked user [admin]
Aug 10, 2023 11:58:02 PM org.apache.catalina.realm.LockOutRealm filterLockedAccounts
WARNING: An attempt was made to authenticate the locked user [admin]
Aug 10, 2023 11:58:02 PM org.apache.catalina.realm.LockOutRealm filterLockedAccounts
WARNING: An attempt was made to authenticate the locked user [admin]
Aug 10, 2023 11:58:02 PM org.apache.catalina.realm.LockOutRealm filterLockedAccounts
WARNING: An attempt was made to authenticate the locked user [admin]
Aug 10, 2023 11:58:02 PM org.apache.catalina.realm.LockOutRealm filterLockedAccounts
WARNING: An attempt was made to authenticate the locked user [admin]
Aug 10, 2023 11:58:02 PM org.apache.catalina.realm.LockOutRealm filterLockedAccounts
WARNING: An attempt was made to authenticate the locked user [admin]
Aug 10, 2023 11:58:02 PM org.apache.catalina.realm.LockOutRealm filterLockedAccounts
WARNING: An attempt was made to authenticate the locked user [admin]
Aug 10, 2023 11:58:02 PM org.apache.catalina.realm.LockOutRealm filterLockedAccounts
WARNING: An attempt was made to authenticate the locked user [admin]
Aug 10, 2023 11:58:02 PM org.apache.catalina.realm.LockOutRealm filterLockedAccounts
WARNING: An attempt was made to authenticate the locked user [admin]
Aug 10, 2023 11:58:02 PM org.apache.catalina.realm.LockOutRealm filterLockedAccounts
WARNING: An attempt was made to authenticate the locked user [admin]
Aug 10, 2023 11:58:07 PM org.apache.catalina.realm.LockOutRealm filterLockedAccounts
WARNING: An attempt was made to authenticate the locked user [admin]
Aug 10, 2023 11:58:07 PM org.apache.catalina.realm.LockOutRealm filterLockedAccounts
WARNING: An attempt was made to authenticate the locked user [admin]
Aug 10, 2023 11:58:07 PM org.apache.catalina.realm.LockOutRealm filterLockedAccounts
WARNING: An attempt was made to authenticate the locked user [admin]
Aug 10, 2023 11:58:07 PM org.apache.catalina.realm.LockOutRealm filterLockedAccounts
WARNING: An attempt was made to authenticate the locked user [admin]
Aug 10, 2023 11:58:07 PM org.apache.catalina.realm.LockOutRealm filterLockedAccounts
WARNING: An attempt was made to authenticate the locked user [admin]
Aug 10, 2023 11:58:07 PM org.apache.catalina.realm.LockOutRealm filterLockedAccounts
WARNING: An attempt was made to authenticate the locked user [admin]
Aug 10, 2023 11:58:07 PM org.apache.catalina.realm.LockOutRealm filterLockedAccounts
WARNING: An attempt was made to authenticate the locked user [admin]
Aug 10, 2023 11:58:07 PM org.apache.catalina.realm.LockOutRealm filterLockedAccounts
WARNING: An attempt was made to authenticate the locked user [admin]
Aug 10, 2023 11:58:07 PM org.apache.catalina.realm.LockOutRealm filterLockedAccounts
WARNING: An attempt was made to authenticate the locked user [admin]
Aug 10, 2023 11:58:07 PM org.apache.catalina.realm.LockOutRealm filterLockedAccounts
WARNING: An attempt was made to authenticate the locked user [admin]
Aug 10, 2023 11:58:07 PM org.apache.catalina.realm.LockOutRealm filterLockedAccounts
WARNING: An attempt was made to authenticate the locked user [admin]
Aug 10, 2023 11:58:07 PM org.apache.catalina.realm.LockOutRealm filterLockedAccounts
WARNING: An attempt was made to authenticate the locked user [admin]
Aug 10, 2023 11:58:07 PM org.apache.catalina.realm.LockOutRealm filterLockedAccounts
WARNING: An attempt was made to authenticate the locked user [admin]
Aug 10, 2023 11:58:07 PM org.apache.catalina.realm.LockOutRealm filterLockedAccounts
WARNING: An attempt was made to authenticate the locked user [admin]
Aug 10, 2023 11:58:07 PM org.apache.catalina.realm.LockOutRealm filterLockedAccounts
WARNING: An attempt was made to authenticate the locked user [admin]
Aug 10, 2023 11:58:07 PM org.apache.catalina.realm.LockOutRealm filterLockedAccounts
WARNING: An attempt was made to authenticate the locked user [admin]
Aug 10, 2023 11:58:07 PM org.apache.catalina.realm.LockOutRealm filterLockedAccounts
WARNING: An attempt was made to authenticate the locked user [admin]
Aug 10, 2023 11:58:07 PM org.apache.catalina.realm.LockOutRealm filterLockedAccounts
WARNING: An attempt was made to authenticate the locked user [admin]
Aug 10, 2023 11:58:07 PM org.apache.catalina.realm.LockOutRealm filterLockedAccounts
WARNING: An attempt was made to authenticate the locked user [admin]
Aug 10, 2023 11:58:07 PM org.apache.catalina.realm.LockOutRealm filterLockedAccounts
WARNING: An attempt was made to authenticate the locked user [admin]
Aug 10, 2023 11:58:12 PM org.apache.catalina.realm.LockOutRealm filterLockedAccounts
WARNING: An attempt was made to authenticate the locked user [root]
Aug 10, 2023 11:58:12 PM org.apache.catalina.realm.LockOutRealm filterLockedAccounts
WARNING: An attempt was made to authenticate the locked user [root]
Aug 10, 2023 11:58:12 PM org.apache.catalina.realm.LockOutRealm filterLockedAccounts
WARNING: An attempt was made to authenticate the locked user [root]
Aug 10, 2023 11:58:12 PM org.apache.catalina.realm.LockOutRealm filterLockedAccounts
WARNING: An attempt was made to authenticate the locked user [root]
Aug 10, 2023 11:58:12 PM org.apache.catalina.realm.LockOutRealm filterLockedAccounts
WARNING: An attempt was made to authenticate the locked user [root]
Aug 10, 2023 11:58:12 PM org.apache.catalina.realm.LockOutRealm filterLockedAccounts
WARNING: An attempt was made to authenticate the locked user [root]
Aug 10, 2023 11:58:12 PM org.apache.catalina.realm.LockOutRealm filterLockedAccounts
WARNING: An attempt was made to authenticate the locked user [root]
Aug 10, 2023 11:58:12 PM org.apache.catalina.realm.LockOutRealm filterLockedAccounts
WARNING: An attempt was made to authenticate the locked user [root]
Aug 10, 2023 11:58:12 PM org.apache.catalina.realm.LockOutRealm filterLockedAccounts
WARNING: An attempt was made to authenticate the locked user [root]
Aug 10, 2023 11:58:12 PM org.apache.catalina.realm.LockOutRealm filterLockedAccounts
WARNING: An attempt was made to authenticate the locked user [root]
Aug 10, 2023 11:58:12 PM org.apache.catalina.realm.LockOutRealm filterLockedAccounts
WARNING: An attempt was made to authenticate the locked user [root]
Aug 10, 2023 11:58:12 PM org.apache.catalina.realm.LockOutRealm filterLockedAccounts
WARNING: An attempt was made to authenticate the locked user [root]
Aug 10, 2023 11:58:12 PM org.apache.catalina.realm.LockOutRealm filterLockedAccounts
WARNING: An attempt was made to authenticate the locked user [root]
Aug 10, 2023 11:58:12 PM org.apache.catalina.realm.LockOutRealm filterLockedAccounts
WARNING: An attempt was made to authenticate the locked user [root]
Aug 10, 2023 11:58:12 PM org.apache.catalina.realm.LockOutRealm filterLockedAccounts
WARNING: An attempt was made to authenticate the locked user [root]
Aug 10, 2023 11:58:12 PM org.apache.catalina.realm.LockOutRealm filterLockedAccounts
WARNING: An attempt was made to authenticate the locked user [root]
Aug 10, 2023 11:58:17 PM org.apache.catalina.realm.LockOutRealm filterLockedAccounts
WARNING: An attempt was made to authenticate the locked user [root]
Aug 10, 2023 11:58:17 PM org.apache.catalina.realm.LockOutRealm filterLockedAccounts
WARNING: An attempt was made to authenticate the locked user [root]
Aug 10, 2023 11:58:17 PM org.apache.catalina.realm.LockOutRealm filterLockedAccounts
WARNING: An attempt was made to authenticate the locked user [root]
Aug 10, 2023 11:58:17 PM org.apache.catalina.realm.LockOutRealm filterLockedAccounts
WARNING: An attempt was made to authenticate the locked user [root]
Aug 10, 2023 11:58:17 PM org.apache.catalina.realm.LockOutRealm filterLockedAccounts
WARNING: An attempt was made to authenticate the locked user [root]
Aug 10, 2023 11:58:17 PM org.apache.catalina.realm.LockOutRealm filterLockedAccounts
WARNING: An attempt was made to authenticate the locked user [root]
Aug 10, 2023 11:58:17 PM org.apache.catalina.realm.LockOutRealm filterLockedAccounts
WARNING: An attempt was made to authenticate the locked user [root]
Aug 10, 2023 11:58:17 PM org.apache.catalina.realm.LockOutRealm filterLockedAccounts
WARNING: An attempt was made to authenticate the locked user [root]
Aug 10, 2023 11:58:17 PM org.apache.catalina.realm.LockOutRealm filterLockedAccounts
WARNING: An attempt was made to authenticate the locked user [root]
Aug 10, 2023 11:58:17 PM org.apache.catalina.realm.LockOutRealm filterLockedAccounts
WARNING: An attempt was made to authenticate the locked user [root]
Aug 10, 2023 11:58:17 PM org.apache.catalina.realm.LockOutRealm filterLockedAccounts
WARNING: An attempt was made to authenticate the locked user [root]
Aug 10, 2023 11:58:17 PM org.apache.catalina.realm.LockOutRealm filterLockedAccounts
WARNING: An attempt was made to authenticate the locked user [root]
Aug 10, 2023 11:58:17 PM org.apache.catalina.realm.LockOutRealm filterLockedAccounts
WARNING: An attempt was made to authenticate the locked user [root]
Aug 10, 2023 11:58:17 PM org.apache.catalina.realm.LockOutRealm filterLockedAccounts
WARNING: An attempt was made to authenticate the locked user [root]
Aug 10, 2023 11:58:17 PM org.apache.catalina.realm.LockOutRealm filterLockedAccounts
WARNING: An attempt was made to authenticate the locked user [root]
Aug 10, 2023 11:58:17 PM org.apache.catalina.realm.LockOutRealm filterLockedAccounts
WARNING: An attempt was made to authenticate the locked user [root]
Aug 10, 2023 11:58:17 PM org.apache.catalina.realm.LockOutRealm filterLockedAccounts
WARNING: An attempt was made to authenticate the locked user [root]
Aug 10, 2023 11:58:17 PM org.apache.catalina.realm.LockOutRealm filterLockedAccounts
WARNING: An attempt was made to authenticate the locked user [root]
Aug 10, 2023 11:58:17 PM org.apache.catalina.realm.LockOutRealm filterLockedAccounts
WARNING: An attempt was made to authenticate the locked user [root]
Aug 10, 2023 11:58:17 PM org.apache.catalina.realm.LockOutRealm filterLockedAccounts
WARNING: An attempt was made to authenticate the locked user [root]
Aug 10, 2023 11:58:22 PM org.apache.catalina.realm.LockOutRealm filterLockedAccounts
WARNING: An attempt was made to authenticate the locked user [root]
Aug 10, 2023 11:58:22 PM org.apache.catalina.realm.LockOutRealm filterLockedAccounts
WARNING: An attempt was made to authenticate the locked user [root]
Aug 10, 2023 11:58:22 PM org.apache.catalina.realm.LockOutRealm filterLockedAccounts
WARNING: An attempt was made to authenticate the locked user [root]
Aug 10, 2023 11:58:22 PM org.apache.catalina.realm.LockOutRealm filterLockedAccounts
WARNING: An attempt was made to authenticate the locked user [root]
Aug 10, 2023 11:58:22 PM org.apache.catalina.realm.LockOutRealm filterLockedAccounts
WARNING: An attempt was made to authenticate the locked user [root]
Aug 10, 2023 11:58:22 PM org.apache.catalina.realm.LockOutRealm filterLockedAccounts
WARNING: An attempt was made to authenticate the locked user [root]
Aug 10, 2023 11:58:22 PM org.apache.catalina.realm.LockOutRealm filterLockedAccounts
WARNING: An attempt was made to authenticate the locked user [root]
Aug 10, 2023 11:58:22 PM org.apache.catalina.realm.LockOutRealm filterLockedAccounts
WARNING: An attempt was made to authenticate the locked user [root]
Aug 10, 2023 11:58:22 PM org.apache.catalina.realm.LockOutRealm filterLockedAccounts
WARNING: An attempt was made to authenticate the locked user [root]
Aug 10, 2023 11:58:22 PM org.apache.catalina.realm.LockOutRealm filterLockedAccounts
WARNING: An attempt was made to authenticate the locked user [root]
Aug 10, 2023 11:58:22 PM org.apache.catalina.realm.LockOutRealm filterLockedAccounts
WARNING: An attempt was made to authenticate the locked user [root]
Aug 10, 2023 11:58:22 PM org.apache.catalina.realm.LockOutRealm filterLockedAccounts
WARNING: An attempt was made to authenticate the locked user [root]
Aug 10, 2023 11:58:22 PM org.apache.catalina.realm.LockOutRealm filterLockedAccounts
WARNING: An attempt was made to authenticate the locked user [root]
Aug 10, 2023 11:58:22 PM org.apache.catalina.realm.LockOutRealm filterLockedAccounts
WARNING: An attempt was made to authenticate the locked user [root]
Aug 10, 2023 11:58:22 PM org.apache.catalina.realm.LockOutRealm filterLockedAccounts
WARNING: An attempt was made to authenticate the locked user [root]
Aug 10, 2023 11:58:22 PM org.apache.catalina.realm.LockOutRealm filterLockedAccounts
WARNING: An attempt was made to authenticate the locked user [root]
Aug 10, 2023 11:58:22 PM org.apache.catalina.realm.LockOutRealm filterLockedAccounts
WARNING: An attempt was made to authenticate the locked user [root]
Aug 10, 2023 11:58:22 PM org.apache.catalina.realm.LockOutRealm filterLockedAccounts
WARNING: An attempt was made to authenticate the locked user [root]
Aug 10, 2023 11:58:22 PM org.apache.catalina.realm.LockOutRealm filterLockedAccounts
WARNING: An attempt was made to authenticate the locked user [root]
Aug 10, 2023 11:58:22 PM org.apache.catalina.realm.LockOutRealm filterLockedAccounts
WARNING: An attempt was made to authenticate the locked user [root]
Aug 10, 2023 11:58:27 PM org.apache.catalina.realm.LockOutRealm filterLockedAccounts
WARNING: An attempt was made to authenticate the locked user [root]
Aug 10, 2023 11:58:27 PM org.apache.catalina.realm.LockOutRealm filterLockedAccounts
WARNING: An attempt was made to authenticate the locked user [root]
Aug 10, 2023 11:58:27 PM org.apache.catalina.realm.LockOutRealm filterLockedAccounts
WARNING: An attempt was made to authenticate the locked user [root]
Aug 10, 2023 11:58:27 PM org.apache.catalina.realm.LockOutRealm filterLockedAccounts
WARNING: An attempt was made to authenticate the locked user [root]
Aug 10, 2023 11:58:27 PM org.apache.catalina.realm.LockOutRealm filterLockedAccounts
WARNING: An attempt was made to authenticate the locked user [root]
Aug 10, 2023 11:58:27 PM org.apache.catalina.realm.LockOutRealm filterLockedAccounts
WARNING: An attempt was made to authenticate the locked user [root]
Aug 10, 2023 11:58:27 PM org.apache.catalina.realm.LockOutRealm filterLockedAccounts
WARNING: An attempt was made to authenticate the locked user [root]
Aug 10, 2023 11:58:27 PM org.apache.catalina.realm.LockOutRealm filterLockedAccounts
WARNING: An attempt was made to authenticate the locked user [root]
Aug 10, 2023 11:58:27 PM org.apache.catalina.realm.LockOutRealm filterLockedAccounts
WARNING: An attempt was made to authenticate the locked user [root]
Aug 10, 2023 11:58:27 PM org.apache.catalina.realm.LockOutRealm filterLockedAccounts
WARNING: An attempt was made to authenticate the locked user [root]
Aug 10, 2023 11:58:27 PM org.apache.catalina.realm.LockOutRealm filterLockedAccounts
WARNING: An attempt was made to authenticate the locked user [root]
Aug 10, 2023 11:58:27 PM org.apache.catalina.realm.LockOutRealm filterLockedAccounts
WARNING: An attempt was made to authenticate the locked user [root]
Aug 10, 2023 11:58:27 PM org.apache.catalina.realm.LockOutRealm filterLockedAccounts
WARNING: An attempt was made to authenticate the locked user [root]
Aug 10, 2023 11:58:27 PM org.apache.catalina.realm.LockOutRealm filterLockedAccounts
WARNING: An attempt was made to authenticate the locked user [root]
Aug 10, 2023 11:58:27 PM org.apache.catalina.realm.LockOutRealm filterLockedAccounts
WARNING: An attempt was made to authenticate the locked user [root]
Aug 10, 2023 11:58:27 PM org.apache.catalina.realm.LockOutRealm filterLockedAccounts
WARNING: An attempt was made to authenticate the locked user [root]
Aug 10, 2023 11:58:27 PM org.apache.catalina.realm.LockOutRealm filterLockedAccounts
WARNING: An attempt was made to authenticate the locked user [root]
Aug 10, 2023 11:58:27 PM org.apache.catalina.realm.LockOutRealm filterLockedAccounts
WARNING: An attempt was made to authenticate the locked user [root]
Aug 10, 2023 11:58:27 PM org.apache.catalina.realm.LockOutRealm filterLockedAccounts
WARNING: An attempt was made to authenticate the locked user [root]
Aug 10, 2023 11:58:27 PM org.apache.catalina.realm.LockOutRealm filterLockedAccounts
WARNING: An attempt was made to authenticate the locked user [root]
