Aug 15, 2023 3:03:15 AM org.apache.coyote.http11.AbstractHttp11Processor process
INFO: Error parsing HTTP request header
 Note: further occurrences of HTTP request parsing errors will be logged at DEBUG level.
java.lang.IllegalArgumentException: Invalid character found in method name [0x160x030x010x010xfc0x010x000x010xf80x030x03s0x0c_0xfb0x060x87`0x8e0xdd0x0570xc10xd3*0xa880xa50xe2a0xac%0x9eS0xca00xfb0x910x890x15H0x040xf60x000x01<0xcc0x140xcc0x130xcc0x150xc000xc0,0xc0(0xc0$0xc00x140xc00x0a0x000xa50x000xa30x000xa10x000x9f0x00k0x00j0x00i0x00h0x0090x0080x0070x0060xc0w0xc0s0x000xc40x000xc30x000xc20x000xc10x000x880x000x870x000x860x000x850xc00x190x000xa70x00m0x00:0x000xc50x000x890xc020xc0.0xc0*0xc0&0xc00x0f0xc00x050xc0y0xc0u0x000x9d0x00=0x0050x000xc00x000x840x000x950xc0/0xc0+0xc0'0xc0#0xc00x130xc00x090x000xa40x000xa20x000xa00x000x9e0x00g0x00@0x00?0x00>0x0030x0020x0010x0000xc0v0xc0r0x000xbe0x000xbd0x000xbc0x000xbb0x000x9a0x000x990x000x980x000x970x00E0x00D0x00C0x00B0xc00x180x000xa60x00l0x0040x000xbf0x000x9b0x00F0xc010xc0-0xc0)0xc0%0xc00x0e0xc00x040xc0x0xc0t0x000x9c0x00<0x00/0x000xba0x000x960x00A0x000x070x000x940xc00x110xc00x070x00f0xc00x160x000x180xc00x0c0xc00x020x000x050x000x040x000x920xc00x120xc00x080x000x160x000x130x000x100x000x0d0xc00x170x000x1b0xc00x0d0xc00x030x000x0a0x000x930x00c0x000x150x000x120x000x0f0x000x0c0x000x1a0x00b0x000x090x00a0x00e0x00d0x00`0x000x140x000x110x000x0e0x000x0b0x000x190x000x080x000x060x000x170x000x030xc00x150xc00x100xc00x060xc00x0b0xc00x010x00;0x000x020x000x010x000xff0x020x010x000x000x920x000x000x000x120x000x100x000x000x0d144.22.187.830x000x0b0x000x040x030x000x010x020x000x0a0x00:0x0080x000x0e0x000x0d0x000x190x000x1c0x000x0b0x000x0c0x000x1b0x000x180x000x090x000x0a0x000x1a0x000x160x000x170x000x080x000x060x000x070x000x140x000x150x000x040x000x050x000x120x000x130x000x010x000x020x000x030x000x0f0x000x100x000x110x00#0x000x000x000x0d0x00]. HTTP method names must be tokens
	at org.apache.coyote.http11.InternalInputBuffer.parseRequestLine(InternalInputBuffer.java:140)
	at org.apache.coyote.http11.AbstractHttp11Processor.process(AbstractHttp11Processor.java:1108)
	at org.apache.coyote.AbstractProtocol$AbstractConnectionHandler.process(AbstractProtocol.java:654)
	at org.apache.tomcat.util.net.JIoEndpoint$SocketProcessor.run(JIoEndpoint.java:317)
	at java.util.concurrent.ThreadPoolExecutor.runWorker(ThreadPoolExecutor.java:1149)
	at java.util.concurrent.ThreadPoolExecutor$Worker.run(ThreadPoolExecutor.java:624)
	at org.apache.tomcat.util.threads.TaskThread$WrappingRunnable.run(TaskThread.java:61)
	at java.lang.Thread.run(Thread.java:750)

Aug 15, 2023 4:42:05 AM org.apache.coyote.http11.AbstractHttp11Processor process
INFO: Error parsing HTTP request header
 Note: further occurrences of HTTP request parsing errors will be logged at DEBUG level.
java.lang.IllegalArgumentException: Invalid character found in method name [0x160x030x010x00{0x010x000x00w0x030x03OA0xfd>0xe3x^0x97}0x92L4jN0xa5r~..o0x9b0xf70xaai0xa8q0x970xb1N0x140xfdY0x000x000x1a0xc0/0xc0+0xc00x110xc00x070xc00x130xc00x090xc00x140xc00x0a0x000x050x00/0x0050xc00x120x000x0a0x010x000x0040x000x050x000x050x010x000x000x000x000x000x0a0x000x080x000x060x000x170x000x180x000x190x000x0b0x000x020x010x000x000x0d0x000x100x000x0e0x040x010x040x030x020x010x020x030x040x010x050x010x060x010xff0x010x000x010x00...]. HTTP method names must be tokens
	at org.apache.coyote.http11.InternalInputBuffer.parseRequestLine(InternalInputBuffer.java:140)
	at org.apache.coyote.http11.AbstractHttp11Processor.process(AbstractHttp11Processor.java:1108)
	at org.apache.coyote.AbstractProtocol$AbstractConnectionHandler.process(AbstractProtocol.java:654)
	at org.apache.tomcat.util.net.JIoEndpoint$SocketProcessor.run(JIoEndpoint.java:317)
	at java.util.concurrent.ThreadPoolExecutor.runWorker(ThreadPoolExecutor.java:1149)
	at java.util.concurrent.ThreadPoolExecutor$Worker.run(ThreadPoolExecutor.java:624)
	at org.apache.tomcat.util.threads.TaskThread$WrappingRunnable.run(TaskThread.java:61)
	at java.lang.Thread.run(Thread.java:750)

Aug 15, 2023 8:00:00 PM org.apache.coyote.http11.AbstractHttp11Processor process
INFO: Error parsing HTTP request header
 Note: further occurrences of HTTP request parsing errors will be logged at DEBUG level.
java.lang.IllegalArgumentException: Invalid character found in method name [0x160x030x010x000x850x010x000x000x810x030x030xb2G0x02Y0xb6RP0xd80x8aoU0x99y0xb20x160xcc0xe7x0xf30xd60x8dH0x800xcf0x020xf40x04g0x1c0x830x9b0x8b0x000x00]. HTTP method names must be tokens
	at org.apache.coyote.http11.InternalInputBuffer.parseRequestLine(InternalInputBuffer.java:140)
	at org.apache.coyote.http11.AbstractHttp11Processor.process(AbstractHttp11Processor.java:1108)
	at org.apache.coyote.AbstractProtocol$AbstractConnectionHandler.process(AbstractProtocol.java:654)
	at org.apache.tomcat.util.net.JIoEndpoint$SocketProcessor.run(JIoEndpoint.java:317)
	at java.util.concurrent.ThreadPoolExecutor.runWorker(ThreadPoolExecutor.java:1149)
	at java.util.concurrent.ThreadPoolExecutor$Worker.run(ThreadPoolExecutor.java:624)
	at org.apache.tomcat.util.threads.TaskThread$WrappingRunnable.run(TaskThread.java:61)
	at java.lang.Thread.run(Thread.java:750)

