Aug 13, 2023 2:25:42 AM org.apache.coyote.http11.AbstractHttp11Processor process
INFO: Error parsing HTTP request header
 Note: further occurrences of HTTP request parsing errors will be logged at DEBUG level.
java.lang.IllegalArgumentException: Invalid character found in method name [0x160x030x010x000xca0x010x000x000xc60x030x030xdbLw0x010x9a0x980xa50x930xba?2$q:0x870x98{0xcd0xc8Y0x160xe5$0xca}0xe3Gi0xa70xa5>0x110x000x00h0xcc0x140xcc0x130xc0/0xc0+0xc000xc0,0xc00x110xc00x070xc0'0xc0#0xc00x130xc00x090xc0(0xc0$0xc00x140xc00x0a0xcc0x150x000x9e0x000x9f0x00g0x00k0x0030x0090x000x9c0x000x9d0x000x050x000x040x00<0x00=0x00/0x0050xc00x120x000x160x000x0a0x000x030x000x080x000x060x000x140x000x110x000x190x000x170x0020xc00x080x000x120x000x130x000x150x0080x00@0x00f0x00j0x000xa20x000xa30x010x000x0050x000x050x000x050x010x000x000x000x000x000x0a0x000x080x000x060x000x170x000x180x000x190x000x0b0x000x020x010x000x000x0d0x000x0c0x000x0a0x040x010x040x030x020x010x020x030x020x020xff0x010x000x010x000x000x0f0x000x010x01...]. HTTP method names must be tokens
	at org.apache.coyote.http11.InternalInputBuffer.parseRequestLine(InternalInputBuffer.java:140)
	at org.apache.coyote.http11.AbstractHttp11Processor.process(AbstractHttp11Processor.java:1108)
	at org.apache.coyote.AbstractProtocol$AbstractConnectionHandler.process(AbstractProtocol.java:654)
	at org.apache.tomcat.util.net.JIoEndpoint$SocketProcessor.run(JIoEndpoint.java:317)
	at java.util.concurrent.ThreadPoolExecutor.runWorker(ThreadPoolExecutor.java:1149)
	at java.util.concurrent.ThreadPoolExecutor$Worker.run(ThreadPoolExecutor.java:624)
	at org.apache.tomcat.util.threads.TaskThread$WrappingRunnable.run(TaskThread.java:61)
	at java.lang.Thread.run(Thread.java:750)

Aug 13, 2023 4:48:50 AM org.apache.coyote.http11.AbstractHttp11Processor process
INFO: Error parsing HTTP request header
 Note: further occurrences of HTTP request parsing errors will be logged at DEBUG level.
java.lang.IllegalArgumentException: Invalid character found in method name [0x160x030x010x000xca0x010x000x000xc60x030x030xb10xe40xbbX0xc9)0x90>\0x7fLc0x160xd6k0xa0z0xbb40x00V0xb10x0c0x02VR0x1f0x080xdc0xa10xefN0x000x00h0xcc0x140xcc0x130xc0/0xc0+0xc000xc0,0xc00x110xc00x070xc0'0xc0#0xc00x130xc00x090xc0(0xc0$0xc00x140xc00x0a0xcc0x150x000x9e0x000x9f0x00g0x00k0x0030x0090x000x9c0x000x9d0x000x050x000x040x00<0x00=0x00/0x0050xc00x120x000x160x000x0a0x000x030x000x080x000x060x000x140x000x110x000x190x000x170x0020xc00x080x000x120x000x130x000x150x0080x00@0x00f0x00j0x000xa20x000xa30x010x000x0050x000x050x000x050x010x000x000x000x000x000x0a0x000x080x000x060x000x170x000x180x000x190x000x0b0x000x020x010x000x000x0d0x000x0c0x000x0a0x040x010x040x030x020x010x020x030x020x020xff0x010x000x010x000x000x0f0x000x010x01...]. HTTP method names must be tokens
	at org.apache.coyote.http11.InternalInputBuffer.parseRequestLine(InternalInputBuffer.java:140)
	at org.apache.coyote.http11.AbstractHttp11Processor.process(AbstractHttp11Processor.java:1108)
	at org.apache.coyote.AbstractProtocol$AbstractConnectionHandler.process(AbstractProtocol.java:654)
	at org.apache.tomcat.util.net.JIoEndpoint$SocketProcessor.run(JIoEndpoint.java:317)
	at java.util.concurrent.ThreadPoolExecutor.runWorker(ThreadPoolExecutor.java:1149)
	at java.util.concurrent.ThreadPoolExecutor$Worker.run(ThreadPoolExecutor.java:624)
	at org.apache.tomcat.util.threads.TaskThread$WrappingRunnable.run(TaskThread.java:61)
	at java.lang.Thread.run(Thread.java:750)

